"../../../Orcon/Content/Flying/CustomFX/BaseSmoke_MA.uasset" 0
"../../../Engine/Content/Functions/Engine_MaterialFunctions01/Gradient/LinearGradient.uasset" 1
"../../../Engine/Content/Functions/Engine_MaterialFunctions01/ImageAdjustment/CheapContrast.uasset" 2
"../../../Engine/Content/Functions/Engine_MaterialFunctions01/ImageAdjustment/Contrast_Preserve_Color.uasset" 3
"../../../Orcon/Content/Flying/Materials/OvercloudHDRI.uasset" 4
"../../../Orcon/Content/Flying/Materials/MA_DaySky.uasset" 5
"../../../Orcon/Content/Flying/Materials/MA_JetEnemy.uasset" 6
"../../../Orcon/Content/Flying/Meshes/BirdHouse_PhysicsAsset.uasset" 7
"../../../Orcon/Content/Flying/Meshes/OvercloudHDRI.uasset" 8
"../../../Orcon/Content/Flying/Materials/MA_cockpit1.uasset" 9
"../../../Orcon/Content/Flying/Materials/MA_Exhaust.uasset" 10
"../../../Orcon/Content/Flying/Materials/MA_JetBase.uasset" 11
"../../../Orcon/Content/Flying/Meshes/SM_AvroStatic.uasset" 12
"../../../Orcon/Content/Flying/Materials/MA_CockPitShell.uasset" 13
"../../../Orcon/Content/Flying/Materials/MA_Steering.uasset" 14
"../../../Orcon/Content/Flying/Materials/MA_SteeringColumn.uasset" 15
"../../../Orcon/Content/Flying/Meshes/SM_Cockpit.uasset" 16
"../../../Orcon/Content/Flying/Meshes/SM_StaticAvro.uasset" 17
"../../../Orcon/Content/Flying/Materials/MA_BaseMaterial.uasset" 18
"../../../Orcon/Content/Flying/Materials/MA_UFOMaterial.uasset" 19
"../../../Orcon/Content/Flying/Meshes/SM_UFO.uasset" 20
"../../../Orcon/Content/Flying/UI/S-Bold.uasset" 21
"../../../Orcon/Content/Flying/UI/S-Bold_Font.uasset" 22
"../../../Orcon/Content/Flying/UI/S-Light.uasset" 23
"../../../Orcon/Content/Flying/UI/S-Light_Font.uasset" 24
"../../../Orcon/Content/Flying/UI/EndScreenBack.uasset" 25
"../../../Orcon/Content/Flying/UI/MissonAcomplished.uasset" 26
"../../../Orcon/Content/Flying/UI/EjectHUD.uasset" 27
"../../../Orcon/Content/Flying/UI/P-Bold.uasset" 28
"../../../Orcon/Content/Flying/UI/P-Bold_Font.uasset" 29
"../../../Orcon/Content/Flying/UI/P-Std.uasset" 30
"../../../Orcon/Content/Flying/UI/P-Std_Font.uasset" 31
"../../../Orcon/Content/Geometry/Materials/MA_cockpit1.uasset" 32
"../../../Orcon/Content/Geometry/Materials/MA_JetBase.uasset" 33
"../../../Orcon/Content/Geometry/Materials/MA_JetEnemy.uasset" 34
"../../../Orcon/Content/Geometry/Meshes/1M_Cube.uasset" 35
"../../../Engine/Content/EngineResources/Black.uasset" 36
"../../../Orcon/Content/InfinityBladeEffects/Effects/Masters/M_Add_Sprite_SubUV_Master.uasset" 37
"../../../Orcon/Content/InfinityBladeEffects/Effects/FX_Textures/Fire/T_Fire_subUV_6X6.uasset" 38
"../../../Orcon/Content/InfinityBladeEffects/Effects/FX_Materials/Fire/M_Fire_01_Add_6X6_INST.uasset" 39
"../../../Orcon/Content/InfinityBladeEffects/Effects/Masters/M_Add_Sprite_Master_DepthFade.uasset" 40
"../../../Orcon/Content/InfinityBladeEffects/Effects/FX_Textures/Gradient/T_SoftFallOff.uasset" 41
"../../../Orcon/Content/InfinityBladeEffects/Effects/FX_Materials/Gradient/M_Flare_03_INST.uasset" 42
"../../../Orcon/Content/InfinityBladeEffects/Effects/FX_Textures/Spark/T_Sparks_04_SubUV_1_4.uasset" 43
"../../../Orcon/Content/InfinityBladeEffects/Effects/FX_Materials/Spark/M_Spark_04_SubUV_1_4_INST.uasset" 44
"../../../Orcon/Content/InfinityBladeEffects/Effects/FX_Ambient/Fire/P_Fire_wallTorch_Blue_noSmoke.uasset" 45
"../../../Orcon/Content/InfinityBladeEffects/Effects/Masters/M_Add_Sprite_Master.uasset" 46
"../../../Orcon/Content/InfinityBladeEffects/Effects/FX_Textures/Gradient/T_starFlare_03.uasset" 47
"../../../Orcon/Content/InfinityBladeEffects/Effects/FX_Materials/Gradient/M_Flare_04_INST.uasset" 48
"../../../Orcon/Content/InfinityBladeEffects/Effects/FX_Ambient/Fire/P_Fire_wallTorch_noSmoke_mobile.uasset" 49
"../../../Orcon/Content/InfinityBladeEffects/Effects/FX_Textures/Smoke/T_SmokeBall_01_8_8.uasset" 50
"../../../Orcon/Content/InfinityBladeEffects/Effects/FX_Materials/Smoke/M_Smoke_01_8X8_INST.uasset" 51
"../../../Orcon/Content/InfinityBladeEffects/Effects/FX_Ambient/Fog/P_FlakFire.uasset" 52
"../../../Orcon/Content/InfinityBladeEffects/Effects/FX_Ambient/Fog/P_FlakSmoke.uasset" 53
"../../../Orcon/Content/InfinityBladeEffects/Effects/FX_Ambient/Fog/P_SmokePuff.uasset" 54
"../../../Orcon/Content/InfinityBladeEffects/Effects/Masters/M_Trans_Sprite_SubUV_Master_DepthFade.uasset" 55
"../../../Orcon/Content/InfinityBladeEffects/Effects/FX_Textures/Smoke/T_Smoke_subUV_01.uasset" 56
"../../../Orcon/Content/InfinityBladeEffects/Effects/FX_Materials/Smoke/M_Smoke_02_Trans_6X6_INST.uasset" 57
"../../../Orcon/Content/InfinityBladeEffects/Effects/FX_Ambient/Steam/MissileSmoke.uasset" 58
"../../../Orcon/Content/InfinityBladeEffects/Effects/FX_Textures/Gradient/T_LightCone.uasset" 59
"../../../Orcon/Content/InfinityBladeEffects/Effects/FX_Materials/Gradient/M_Flare_Vertical_02_Inst.uasset" 60
"../../../Orcon/Content/InfinityBladeEffects/Effects/FX_Ambient/Steam/P_SteamFireLeak_SmSmoke.uasset" 61
"../../../Orcon/Content/InfinityBladeEffects/Effects/FX_Ambient/Steam/P_TreeTrunk_ResidualSmoke.uasset" 62
"../../../Orcon/Content/InfinityBladeEffects/Effects/FX_Ambient/Steam/P_VistaSmoke.uasset" 63
"../../../Orcon/Content/InfinityBladeEffects/Effects/FX_Textures/Gradient/FX_Glow_12alpha.uasset" 64
"../../../Orcon/Content/InfinityBladeEffects/Effects/FX_Materials/Gradient/M_Flare_09_Inst.uasset" 65
"../../../Orcon/Content/InfinityBladeEffects/Effects/FX_Ambient/UI_MainMenu/P_BoilerSmoke.uasset" 66
"../../../Orcon/Content/InfinityBladeEffects/Effects/FX_Ambient/UI_MainMenu/P_ForgeSmoke.uasset" 67
"../../../Orcon/Content/InfinityBladeEffects/Effects/FX_Ambient/UI_MainMenu/P_MissileSmoke.uasset" 68
"../../../Orcon/Content/StarterContent/Materials/M_Basic_Wall.uasset" 69
"../../../Orcon/Content/StarterContent/Architecture/Pillar_50x500.uasset" 70
"../../../Orcon/Content/StarterContent/Architecture/Wall_400x300.uasset" 71
"../../../Orcon/Content/StarterContent/Architecture/Wall_400x400.uasset" 72
"../../../Orcon/Content/StarterContent/Architecture/Wall_500x500.uasset" 73
"../../../Orcon/Content/StarterContent/Architecture/Wall_Door_400x400.uasset" 74
"../../../Orcon/Content/StarterContent/Architecture/Wall_Window_400x400.uasset" 75
"../../../Orcon/Content/StarterContent/Audio/Light01_Cue.uasset" 76
"../../../Orcon/Content/StarterContent/Audio/Light02_Cue.uasset" 77
"../../../Orcon/Content/StarterContent/Audio/Explosion_Cue.uasset" 78
"../../../Orcon/Content/StarterContent/Textures/T_Burst_M.uasset" 79
"../../../Orcon/Content/StarterContent/Particles/Materials/M_Burst.uasset" 80
"../../../Orcon/Content/StarterContent/Textures/T_Explosion_SubUV.uasset" 81
"../../../Orcon/Content/StarterContent/Particles/Materials/M_explosion_subUV.uasset" 82
"../../../Orcon/Content/StarterContent/Particles/Materials/m_flare_01.uasset" 83
"../../../Engine/Content/Functions/Engine_MaterialFunctions01/Gradient/RadialGradient.uasset" 84
"../../../Orcon/Content/StarterContent/Particles/Materials/M_radial_ramp.uasset" 85
"../../../Orcon/Content/StarterContent/Textures/T_Smoke_SubUV.uasset" 86
"../../../Orcon/Content/StarterContent/Textures/T_Smoke_Tiled_D.uasset" 87
"../../../Orcon/Content/StarterContent/Particles/Materials/M_smoke_subUV.uasset" 88
"../../../Orcon/Content/StarterContent/Particles/P_Explosion.uasset" 89
"../../../Orcon/Content/StarterContent/Blueprints/Blueprint_Effect_Explosion.uasset" 90
"../../../Orcon/Content/StarterContent/HDRI/OvercloudHDRI.uasset" 91
"../../../Orcon/Content/StarterContent/HDRI/OvercloudHDRI_02.uasset" 92
"../../../Engine/Content/EditorMeshes/ColorCalibrator/T_ColorGrid.uasset" 93
"../../../Orcon/Content/StarterContent/Materials/M_ColorGrid_LowSpec.uasset" 94
"../../../Orcon/Content/StarterContent/Textures/T_Bush_D.uasset" 95
"../../../Orcon/Content/StarterContent/Textures/T_Bush_N.uasset" 96
"../../../Orcon/Content/StarterContent/Props/Materials/M_Bush.uasset" 97
"../../../Orcon/Content/StarterContent/Props/SM_Bush.uasset" 98
"../../../Orcon/Content/StarterContent/Textures/T_Chair_M.uasset" 99
"../../../Orcon/Content/StarterContent/Textures/T_Chair_N.uasset" 100
"../../../Orcon/Content/StarterContent/Props/Materials/M_Chair.uasset" 101
"../../../Orcon/Content/StarterContent/Props/SM_Couch.uasset" 102
"../../../Orcon/Content/StarterContent/Materials/M_Glass.uasset" 103
"../../../Orcon/Content/StarterContent/Textures/T_Door_M.uasset" 104
"../../../Orcon/Content/StarterContent/Textures/T_Door_N.uasset" 105
"../../../Orcon/Content/StarterContent/Props/Materials/M_Door.uasset" 106
"../../../Orcon/Content/StarterContent/Props/SM_Door.uasset" 107
"../../../Orcon/Content/StarterContent/Props/Materials/M_MaterialSphere.uasset" 108
"../../../Orcon/Content/StarterContent/Props/Materials/M_MaterialSphere_Plain.uasset" 109
"../../../Orcon/Content/StarterContent/Props/SM_MatPreviewMesh_02.uasset" 110
"../../../Engine/Content/Functions/Engine_MaterialFunctions02/Utility/BlendAngleCorrectedNormals.uasset" 111
"../../../Orcon/Content/StarterContent/Textures/T_Detail_Rocky_N.uasset" 112
"../../../Orcon/Content/StarterContent/Textures/T_Rock_Basalt_D.uasset" 113
"../../../Orcon/Content/StarterContent/Textures/T_RockMesh_M.uasset" 114
"../../../Orcon/Content/StarterContent/Textures/T_RockMesh_N.uasset" 115
"../../../Orcon/Content/StarterContent/Props/Materials/M_Rock.uasset" 116
"../../../Orcon/Content/StarterContent/Props/SM_Rock.uasset" 117
"../../../Orcon/Content/StarterContent/Textures/T_Shelf_M.uasset" 118
"../../../Orcon/Content/StarterContent/Textures/T_Shelf_N.uasset" 119
"../../../Orcon/Content/StarterContent/Props/Materials/M_Shelf.uasset" 120
"../../../Orcon/Content/StarterContent/Props/SM_Shelf.uasset" 121
"../../../Orcon/Content/StarterContent/Materials/M_Basic_Floor.uasset" 122
"../../../Orcon/Content/StarterContent/Props/SM_Stairs.uasset" 123
"../../../Orcon/Content/StarterContent/Shapes/Shape_Cone.uasset" 124
"../../../Orcon/Content/StarterContent/Shapes/Shape_Cylinder.uasset" 125
"../../../Orcon/Content/StarterContent/Shapes/Shape_NarrowCapsule.uasset" 126
"../../../Orcon/Content/StarterContent/Shapes/Shape_Pipe.uasset" 127
"../../../Orcon/Content/StarterContent/Shapes/Shape_Pipe_180.uasset" 128
"../../../Orcon/Content/StarterContent/Shapes/Shape_Pipe_90.uasset" 129
"../../../Orcon/Content/StarterContent/Shapes/Shape_Plane.uasset" 130
"../../../Orcon/Content/StarterContent/Shapes/Shape_Torus.uasset" 131
"../../../Orcon/Content/StarterContent/Shapes/Shape_Trim.uasset" 132
"../../../Orcon/Content/StarterContent/Shapes/Shape_Trim_90_In.uasset" 133
"../../../Orcon/Content/StarterContent/Shapes/Shape_Trim_90_Out.uasset" 134
"../../../Orcon/Content/StarterContent/Shapes/Shape_TriPyramid.uasset" 135
"../../../Orcon/Content/StarterContent/Shapes/Shape_Tube.uasset" 136
"../../../Orcon/Content/StarterContent/Shapes/Shape_Wedge_A.uasset" 137
"../../../Orcon/Content/StarterContent/Shapes/Shape_Wedge_B.uasset" 138
"../../../Orcon/Content/StarterContent/Shapes/Shape_WideCapsule.uasset" 139
"../../../Engine/Content/Functions/Engine_MaterialFunctions01/Opacity/CameraDepthFade.uasset" 140
"../../../Engine/Content/EngineMaterials/T_Default_Material_Grid_M.uasset" 141
"../../../Engine/Content/EngineMaterials/T_Default_Material_Grid_N.uasset" 142
"../../../Engine/Content/EngineMaterials/DefaultMaterial.uasset" 143
"../../../Engine/Content/BasicShapes/Cone.uasset" 144
"../../../Engine/Content/BasicShapes/Cylinder.uasset" 145
"../../../Engine/Content/EngineMaterials/WorldGridMaterial.uasset" 146
"../../../Engine/Content/BasicShapes/Plane.uasset" 147
"../../../Engine/Content/EditorLandscapeResources/DataLayer.uasset" 148
"../../../Engine/Content/EditorMaterials/GizmoMaterial.uasset" 149
"../../../Engine/Content/EditorMaterials/MAT_Groups_Toggle.uasset" 150
"../../../Engine/Content/EditorMaterials/MAT_Groups_Visibility.uasset" 151
"../../../Engine/Content/EditorMaterials/PreviewShadowIndicator.uasset" 152
"../../../Engine/Content/EditorMaterials/PreviewShadowIndicatorMaterial.uasset" 153
"../../../Engine/Content/EditorMaterials/AssetViewer/EpicQuadPanorama_CC+EV1.uasset" 154
"../../../Engine/Content/EditorMaterials/MatineeGroups/MAT_ColorTrack.uasset" 155
"../../../Engine/Content/EditorMaterials/MatineeGroups/MAT_Groups_Anim.uasset" 156
"../../../Engine/Content/EditorMaterials/MatineeGroups/MAT_Groups_AudioMaster.uasset" 157
"../../../Engine/Content/EditorMaterials/MatineeGroups/MAT_Groups_Director.uasset" 158
"../../../Engine/Content/EditorMaterials/MatineeGroups/MAT_Groups_Event.uasset" 159
"../../../Engine/Content/EditorMaterials/MatineeGroups/MAT_Groups_Fade.uasset" 160
"../../../Engine/Content/EditorMaterials/MatineeGroups/MAT_Groups_Float.uasset" 161
"../../../Engine/Content/EditorMaterials/MatineeGroups/MAT_Groups_Move.uasset" 162
"../../../Engine/Content/EditorMaterials/MatineeGroups/MAT_Groups_Slomo.uasset" 163
"../../../Engine/Content/EditorMaterials/MatineeGroups/MAT_Groups_Sound.uasset" 164
"../../../Engine/Content/EditorMaterials/MatineeGroups/MAT_Groups_Vector.uasset" 165
"../../../Engine/Content/EditorMaterials/ParticleSystems/PSysThumbnail_NoImage.uasset" 166
"../../../Engine/Content/EditorMaterials/ParticleSystems/PSysThumbnail_OOD.uasset" 167
"../../../Engine/Content/EditorMaterials/Camera/CineMat.uasset" 168
"../../../Engine/Content/EditorMaterials/Camera/MI_CineMat_Rig.uasset" 169
"../../../Engine/Content/EditorMeshes/Camera/SM_CraneRig_Arm.uasset" 170
"../../../Engine/Content/EditorMeshes/Camera/SM_CraneRig_Base.uasset" 171
"../../../Engine/Content/EditorMeshes/Camera/SM_CraneRig_Body.uasset" 172
"../../../Engine/Content/EditorMeshes/Camera/SM_CraneRig_Mount.uasset" 173
"../../../Engine/Content/EditorMeshes/Camera/SM_RailRig_Mount.uasset" 174
"../../../Engine/Content/EditorMeshes/Camera/SM_RailRig_Track.uasset" 175
"../../../Engine/Content/EditorResources/BSPVertex.uasset" 176
"../../../Engine/Content/EditorResources/EmptyActor.uasset" 177
"../../../Engine/Content/EditorResources/S_Actor.uasset" 178
"../../../Engine/Content/EditorResources/S_Trigger.uasset" 179
"../../../Engine/Content/EditorResources/AudioIcons/S_AudioComponent.uasset" 180
"../../../Engine/Content/EditorResources/AudioIcons/S_AudioComponent_AutoActivate.uasset" 181
"../../../Engine/Content/EditorResources/LightIcons/S_LightError.uasset" 182
"../../../Engine/Content/EditorResources/SequenceRecorder/Countdown.uasset" 183
"../../../Engine/Content/EditorResources/SequenceRecorder/RecordingIndicator.uasset" 184
"../../../Engine/Content/EditorSounds/Notifications/CompileFailed.uasset" 185
"../../../Engine/Content/EditorSounds/Notifications/CompileFailed_Cue.uasset" 186
"../../../Engine/Content/EditorSounds/Notifications/CompileSuccess.uasset" 187
"../../../Engine/Content/EditorSounds/Notifications/CompileStart_Cue.uasset" 188
"../../../Engine/Content/EditorSounds/Notifications/CompileSuccess_Cue.uasset" 189
"../../../Engine/Content/EngineDamageTypes/DmgTypeBP_Environmental.uasset" 190
"../../../Engine/Content/EngineDebugMaterials/HeatmapGradient.uasset" 191
"../../../Engine/Content/EngineDebugMaterials/BoneWeightMaterial.uasset" 192
"../../../Engine/Content/EngineDebugMaterials/ClothMaterial.uasset" 193
"../../../Engine/Content/EngineDebugMaterials/ClothMaterial_WF.uasset" 194
"../../../Engine/Content/EngineDebugMaterials/DebugEditorMaterial.uasset" 195
"../../../Engine/Content/EngineDebugMaterials/DebugMeshMaterial.uasset" 196
"../../../Engine/Content/EngineDebugMaterials/GeomMaterial.uasset" 197
"../../../Engine/Content/EngineFonts/Faces/RobotoBold.uasset" 198
"../../../Engine/Content/EngineFonts/Faces/RobotoBoldItalic.uasset" 199
"../../../Engine/Content/EngineFonts/Faces/RobotoItalic.uasset" 200
"../../../Engine/Content/EngineFonts/Faces/RobotoLight.uasset" 201
"../../../Engine/Content/EngineFonts/Faces/RobotoRegular.uasset" 202
"../../../Engine/Content/EngineFonts/Roboto.uasset" 203
"../../../Engine/Content/EngineFonts/Faces/RobotoTiny.uasset" 204
"../../../Engine/Content/EngineFonts/RobotoTiny.uasset" 205
"../../../Engine/Content/EngineMaterials/DefaultBloomKernel.uasset" 206
"../../../Engine/Content/EngineMaterials/DefaultBokeh.uasset" 207
"../../../Engine/Content/EngineMaterials/DefaultDiffuse.uasset" 208
"../../../Engine/Content/EngineMaterials/DefaultDeferredDecalMaterial.uasset" 209
"../../../Engine/Content/EngineMaterials/DefaultLightFunctionMaterial.uasset" 210
"../../../Engine/Content/EngineMaterials/DefaultPhysicalMaterial.uasset" 211
"../../../Engine/Content/Functions/Engine_MaterialFunctions02/Utility/BreakOutFloat2Components.uasset" 212
"../../../Engine/Content/EngineMaterials/DefaultPostProcessMaterial.uasset" 213
"../../../Engine/Content/EngineFonts/RobotoDistanceField.uasset" 214
"../../../Engine/Content/EngineMaterials/DefaultTextMaterialOpaque.uasset" 215
"../../../Engine/Content/EngineMaterials/DefaultWhiteGrid.uasset" 216
"../../../Engine/Content/EngineMaterials/EditorBrushMaterial.uasset" 217
"../../../Engine/Content/EngineMaterials/Good64x64TilingNoiseHighFreq.uasset" 218
"../../../Engine/Content/EngineMaterials/MiniFont.uasset" 219
"../../../Engine/Content/EngineMaterials/InvalidLightmapSettings.uasset" 220
"../../../Engine/Content/EngineMaterials/M_InvalidLightmapSettings.uasset" 221
"../../../Engine/Content/EngineMaterials/PhAT_JointLimitMaterial.uasset" 222
"../../../Engine/Content/EngineMaterials/PreintegratedSkinBRDF.uasset" 223
"../../../Engine/Content/EngineMaterials/RemoveSurfaceMaterial.uasset" 224
"../../../Engine/Content/EngineMaterials/WeightMapPlaceholderTexture.uasset" 225
"../../../Engine/Content/EngineResources/WhiteSquareTexture.uasset" 226
"../../../Engine/Content/EngineMaterials/Widget3DPassThrough.uasset" 227
"../../../Engine/Content/EngineMaterials/Widget3DPassThrough_Masked.uasset" 228
"../../../Engine/Content/EngineMaterials/Widget3DPassThrough_Opaque.uasset" 229
"../../../Engine/Content/EngineMaterials/Widget3DPassThrough_Masked_OneSided.uasset" 230
"../../../Engine/Content/EngineMaterials/Widget3DPassThrough_Opaque_OneSided.uasset" 231
"../../../Engine/Content/EngineMaterials/Widget3DPassThrough_Translucent.uasset" 232
"../../../Engine/Content/EngineMaterials/Widget3DPassThrough_Translucent_OneSided.uasset" 233
"../../../Engine/Content/EngineMeshes/Cube.uasset" 234
"../../../Engine/Content/EngineMeshes/Cylinder.uasset" 235
"../../../Engine/Content/EngineMeshes/Sphere.uasset" 236
"../../../Engine/Content/EngineResources/DefaultTexture.uasset" 237
"../../../Engine/Content/EngineResources/DefaultTextureCube.uasset" 238
"../../../Engine/Content/EngineResources/GradientTexture0.uasset" 239
"../../../Engine/Content/EngineSounds/Master.uasset" 240
"../../../Engine/Content/Functions/Engine_MaterialFunctions01/Shading/ConvertFromDiffSpec.uasset" 241
"../../../Engine/Content/Functions/Engine_MaterialFunctions01/Shading/PowerToRoughness.uasset" 242
"../../../Engine/Content/Maps/Templates/Thumbnails/Default.uasset" 243
"../../../Engine/Content/Maps/Templates/Thumbnails/VR-Basic.uasset" 244
"../../../Engine/Content/MobileResources/T_MobileControls_texture.uasset" 245
"../../../Engine/Content/MobileResources/T_MobileMenu2.uasset" 246
"../../../Engine/Content/MobileResources/HUD/AnalogHat.uasset" 247
"../../../Engine/Content/MobileResources/HUD/VirtualJoystick_Background.uasset" 248
"../../../Engine/Content/MobileResources/HUD/VirtualJoystick_Thumb.uasset" 249
"../../../Engine/Content/MobileResources/HUD/DefaultVirtualJoysticks.uasset" 250
"../../../Engine/Content/MobileResources/HUD/LeftVirtualJoystickOnly.uasset" 251
"../../../Engine/Content/MobileResources/HUD/MobileHUDButton1_off.uasset" 252
"../../../Engine/Content/MobileResources/HUD/MobileHUDButton1_on.uasset" 253
"../../../Engine/Content/MobileResources/HUD/MobileHUDButton2_off.uasset" 254
"../../../Engine/Content/MobileResources/HUD/MobileHUDButton2_on.uasset" 255
"../../../Engine/Content/MobileResources/HUD/MobileHUDButton3.uasset" 256
"../../../Engine/Content/MobileResources/HUD/MobileHUDButtonFire.uasset" 257
"../../../Engine/Content/MobileResources/HUD/MobileHUDDirectionPad.uasset" 258
"../../../Engine/Content/MobileResources/HUD/MobileHUDDirectionPad2.uasset" 259
"../../../Engine/Content/MobileResources/HUD/MobileHUDDirectionPad3.uasset" 260
"../../../Engine/Content/MobileResources/HUD/MobileHUDDirectionStick.uasset" 261
"../../../Engine/Content/MobileResources/HUD/T_Castle_ThumbstickInner.uasset" 262
"../../../Engine/Content/MobileResources/HUD/T_Castle_ThumbstickOutter.uasset" 263
"../../../Engine/Content/Tutorial/ContentIntroCurve.uasset" 264
"../../../Engine/Content/Tutorial/Basics/TutorialAssets/icon_tab_Levels_40x.uasset" 265
"../../../Engine/Content/Tutorial/BlueprintTutorials/TutorialAssets/BlueprintInterface_64x.uasset" 266
"../../../Engine/Content/Tutorial/BlueprintTutorials/TutorialAssets/BlueprintMacroLibrary_64x.uasset" 267
"../../../Engine/Content/Tutorial/BlueprintTutorials/TutorialAssets/Blueprint_64x.uasset" 268
"../../../Engine/Content/Tutorial/BlueprintTutorials/TutorialAssets/Tutorial_BP_Interface.uasset" 269
"../../../Engine/Content/Tutorial/Foliage/TutorialAssets/Foliage.uasset" 270
"../../../Engine/Content/Tutorial/Landscape/TutorialAssets/Landscape.uasset" 271
"../../../Engine/Content/Tutorial/Paper2D/TutorialAssets/Paper2DFlipbook_TutorialIcon.uasset" 272
"../../../Engine/Content/Tutorial/Paper2D/TutorialAssets/Paper2DSprite_TutorialIcon.uasset" 273
"../../../Engine/Content/Tutorial/SubEditors/TutorialAssets/icon_Editor_Preferences_General_40x.uasset" 274
"../../../Engine/Content/Tutorial/SubEditors/TutorialAssets/icon_ShowSkeletalMeshes_40x.uasset" 275
"../../../Engine/Content/Tutorial/SubEditors/TutorialAssets/TutorialMaterial.uasset" 276
"../../../Engine/Content/Tutorial/SubEditors/TutorialAssets/T_SmokeSubUV_8X8.uasset" 277
"../../../Engine/Content/Tutorial/SubEditors/TutorialAssets/T_soft_smoke.uasset" 278
"../../../Engine/Content/Tutorial/SubEditors/TutorialAssets/M_smoke_subUV_blackbody.uasset" 279
"../../../Engine/Content/Tutorial/SubEditors/TutorialAssets/TutorialParticleSystem.uasset" 280
"../../../Engine/Content/EditorMeshes/EditorCube.uasset" 281
"../../../Engine/Content/Tutorial/SubEditors/TutorialAssets/Tutorial_DM.uasset" 282
"../../../Engine/Content/VREditor/Devices/Generic/GenericHMDMaterial.uasset" 283
"../../../Engine/Content/VREditor/Devices/Generic/GenericHMD.uasset" 284
"../../../Engine/Content/VREditor/FloatingText/LineMaterial.uasset" 285
"../../../Engine/Content/VREditor/FloatingText/JointSphere.uasset" 286
"../../../Engine/Content/VREditor/FloatingText/LineSegmentCylinder.uasset" 287
"../../../Engine/Content/VREditor/Fonts/VRText_RobotoLarge.uasset" 288
"../../../Engine/Content/VREditor/Fonts/VRTextMaterial.uasset" 289
"../../../Engine/Content/VREditor/Fonts/TranslucentVRTextMaterial.uasset" 290
"../../../Engine/Content/VREditor/LaserPointer/CursorPointer.uasset" 291
"../../../Engine/Content/VREditor/LaserPointer/VR_LaserPower_01.uasset" 292
"../../../Engine/Content/VREditor/TransformGizmo/TransformGizmoMaterial.uasset" 293
"../../../Engine/Content/VREditor/LaserPointer/HoverMaterial.uasset" 294
"../../../Engine/Content/VREditor/TransformGizmo/TranslucentTransformGizmoMaterial.uasset" 295
"../../../Engine/Content/VREditor/LaserPointer/TranslucentHoverMaterial.uasset" 296
"../../../Engine/Content/VREditor/LaserPointer/HoverMesh.uasset" 297
"../../../Engine/Content/VREditor/LaserPointer/LaserPointerMaterial.uasset" 298
"../../../Engine/Content/VREditor/LaserPointer/LaserPointerMaterialInst.uasset" 299
"../../../Engine/Content/VREditor/LaserPointer/TranslucentLaserPointerMaterialInst.uasset" 300
"../../../Engine/Content/VREditor/LaserPointer/LaserPointerMesh.uasset" 301
"../../../Engine/Content/VREditor/LaserPointer/LaserPointerMesh_End.uasset" 302
"../../../Engine/Content/VREditor/LaserPointer/LaserPointerMesh_Start.uasset" 303
"../../../Engine/Content/Functions/Engine_MaterialFunctions02/Utility/BreakOutFloat3Components.uasset" 304
"../../../Engine/Content/Functions/Engine_MaterialFunctions02/Math/Transform3x3Matrix.uasset" 305
"../../../Engine/Content/Functions/Engine_MaterialFunctions02/SplitComponents.uasset" 306
"../../../Engine/Content/Functions/Engine_MaterialFunctions02/Utility/MakeFloat3.uasset" 307
"../../../Engine/Content/VREditor/SnapGrid/SnapGridMaterial.uasset" 308
"../../../Engine/Content/VREditor/SnapGrid/SnapGridPlaneMesh.uasset" 309
"../../../Engine/Content/VREditor/Sounds/VR_teleport.uasset" 310
"../../../Engine/Content/VREditor/Sounds/UI/Click_on_Button_Cue.uasset" 311
"../../../Engine/Content/VREditor/Sounds/UI/Dockable_Window_Close.uasset" 312
"../../../Engine/Content/VREditor/Sounds/UI/Dockable_Window_Drop.uasset" 313
"../../../Engine/Content/VREditor/Sounds/UI/Dockable_Window_Open.uasset" 314
"../../../Engine/Content/VREditor/Sounds/UI/Dockable_Window_Pick_Up.uasset" 315
"../../../Engine/Content/VREditor/Sounds/UI/Drop_Item_From_ContentBrowser.uasset" 316
"../../../Engine/Content/VREditor/Sounds/UI/Floating_UI_Open-001.uasset" 317
"../../../Engine/Content/VREditor/Sounds/UI/Gizmo_Handle_Clicked.uasset" 318
"../../../Engine/Content/VREditor/Sounds/UI/Object_PickUp.uasset" 319
"../../../Engine/Content/VREditor/Sounds/UI/Object_Snaps_To_Another_Actor.uasset" 320
"../../../Engine/Content/VREditor/Sounds/UI/Object_Snaps_To_Grid.uasset" 321
"../../../Engine/Content/VREditor/Sounds/UI/Radial_Menu_FadeOut.uasset" 322
"../../../Engine/Content/VREditor/Sounds/UI/Scaling_Down.uasset" 323
"../../../Engine/Content/VREditor/Sounds/UI/Scaling_Up.uasset" 324
"../../../Engine/Content/VREditor/Sounds/UI/Selection_Changes.uasset" 325
"../../../Engine/Content/VREditor/Sounds/UI/Teleport_Mode_Entered.uasset" 326
"../../../Engine/Content/VREditor/Teleport/TeleportDirectionMaterial.uasset" 327
"../../../Engine/Content/VREditor/Teleport/TeleportDirectionMaterial_Inst.uasset" 328
"../../../Engine/Content/VREditor/Teleport/TeleportDirectionMesh.uasset" 329
"../../../Engine/Content/VREditor/TransformGizmo/BoundingBoxCorner.uasset" 330
"../../../Engine/Content/VREditor/TransformGizmo/BoundingBoxEdge.uasset" 331
"../../../Engine/Content/VREditor/TransformGizmo/PlaneTranslationHandle.uasset" 332
"../../../Engine/Content/VREditor/TransformGizmo/RotationHandleFull.uasset" 333
"../../../Engine/Content/VREditor/TransformGizmo/RotationHandleIndicator.uasset" 334
"../../../Engine/Content/VREditor/TransformGizmo/RotationHandleQuarter.uasset" 335
"../../../Engine/Content/VREditor/TransformGizmo/Main.uasset" 336
"../../../Engine/Content/VREditor/TransformGizmo/Xray.uasset" 337
"../../../Engine/Content/VREditor/TransformGizmo/SM_Dialog_Close.uasset" 338
"../../../Engine/Content/VREditor/TransformGizmo/SM_Dialog_Move.uasset" 339
"../../../Engine/Content/VREditor/TransformGizmo/SM_Sequencer_Key.uasset" 340
"../../../Engine/Content/VREditor/TransformGizmo/StartRotationHandleIndicator.uasset" 341
"../../../Engine/Content/VREditor/TransformGizmo/TranslucentTransformGizmoMaterial_Inst.uasset" 342
"../../../Engine/Content/VREditor/TransformGizmo/TransformGizmoFreeRotation.uasset" 343
"../../../Engine/Content/VREditor/TransformGizmo/TransformGizmoMaterial_Inst.uasset" 344
"../../../Engine/Content/VREditor/TransformGizmo/TranslateArrowHandle.uasset" 345
"../../../Engine/Content/VREditor/TransformGizmo/UniformScaleHandle.uasset" 346
"../../../Engine/Content/VREditor/UI/KeyDiskMaterial.uasset" 347
"../../../Engine/Content/VREditor/UI/DiscMaterial.uasset" 348
"../../../Engine/Content/VREditor/UI/SM_Radial_Disk.uasset" 349
"../../../Engine/Content/VREditor/WorldMovementGrid/SimpleGrid.uasset" 350
"../../../Engine/Content/VREditor/WorldMovementGrid/GridMaterial.uasset" 351
"../../../Engine/Content/Functions/Engine_MaterialFunctions01/Density/ExponentialDensity.uasset" 352
"../../../Engine/Content/VREditor/WorldMovementGrid/GridPostProcess.uasset" 353
"../../../Engine/Content/EditorLandscapeResources/FlattenHeightMat.uasset" 354
"../../../Engine/Content/VREditor/WorldMovementGrid/PlaneMesh.uasset" 355
"../../../Engine/Plugins/2D/Paper2D/Content/PlaceholderTextures/DummySpriteTexture.uasset" 356
"../../../Engine/Plugins/2D/Paper2D/Content/DummySprite.uasset" 357
"../../../Engine/Plugins/2D/Paper2D/Content/DefaultPaperTerrainMaterial.uasset" 358
"../../../Engine/Plugins/2D/Paper2D/Content/DefaultSpriteMaterial.uasset" 359
"../../../Engine/Plugins/2D/Paper2D/Content/MaskedUnlitSpriteMaterial.uasset" 360
"../../../Engine/Plugins/2D/Paper2D/Content/OpaqueUnlitSpriteMaterial.uasset" 361
"../../../Engine/Plugins/Runtime/Oculus/OculusVR/Content/Textures/GearVRController_AO.uasset" 362
"../../../Engine/Plugins/Runtime/Oculus/OculusVR/Content/Textures/GearVRController_Color.uasset" 363
"../../../Engine/Plugins/Runtime/Oculus/OculusVR/Content/Textures/GearVRController_Normal.uasset" 364
"../../../Engine/Plugins/Runtime/Oculus/OculusVR/Content/Materials/GearVRControllerMaterial.uasset" 365
"../../../Engine/Plugins/Runtime/Oculus/OculusVR/Content/Meshes/GearVrController.uasset" 366
"../../../Orcon/Content/Flying/UI/MissionAccomplishedHUD.uasset" 367
"../../../Orcon/Content/Flying/UI/EndScreen.umap" 368
"../../../Engine/Content/EditorBlueprintResources/StandardMacros.uasset" 369
"../../../Orcon/Content/Flying/Blueprints/OrconGameMode_BP_Instance.uasset" 370
"../../../Orcon/Content/Flying/UI/S-55_Roman.uasset" 371
"../../../Orcon/Content/Flying/UI/S-55_Roman_Font.uasset" 372
"../../../Orcon/Content/Flying/UI/BirdPortrait.uasset" 373
"../../../Orcon/Content/Flying/UI/BluePrintGrid.uasset" 374
"../../../Orcon/Content/Flying/UI/Icons/Keyboard_Black_A.uasset" 375
"../../../Orcon/Content/Flying/UI/Icons/Keyboard_Black_Arrow_Down.uasset" 376
"../../../Orcon/Content/Flying/UI/Icons/Keyboard_Black_Arrow_Left.uasset" 377
"../../../Orcon/Content/Flying/UI/Icons/Keyboard_Black_Arrow_Right.uasset" 378
"../../../Orcon/Content/Flying/UI/Icons/Keyboard_Black_Arrow_Up.uasset" 379
"../../../Orcon/Content/Flying/UI/Icons/Keyboard_Black_D.uasset" 380
"../../../Orcon/Content/Flying/UI/Icons/Keyboard_Black_S.uasset" 381
"../../../Orcon/Content/Flying/UI/Icons/Keyboard_Black_Shift_Alt.uasset" 382
"../../../Orcon/Content/Flying/UI/Icons/Keyboard_Black_W.uasset" 383
"../../../Orcon/Content/Flying/UI/SideWire.uasset" 384
"../../../Orcon/Content/Flying/UI/Skinner.uasset" 385
"../../../Orcon/Content/Flying/UI/TopWire.uasset" 386
"../../../Orcon/Content/Flying/UI/LoadingWidget.uasset" 387
"../../../Orcon/Content/Flying/UI/LoadingHUD.uasset" 388
"../../../Orcon/Content/Flying/UI/Loading.umap" 389
"../../../Orcon/Content/Flying/UI/MenuBackground.uasset" 390
"../../../Orcon/Content/Flying/UI/MainMenuRoot.uasset" 391
"../../../Orcon/Content/Flying/UI/MainMenuHUD.uasset" 392
"../../../Orcon/Content/Flying/UI/MainMenu_BuiltData.uasset" 393
"../../../Orcon/Content/Flying/UI/MainMenu.umap" 394
"../../../Engine/Content/EngineSky/C_Sky_Cloud_Color.uasset" 395
"../../../Engine/Content/EngineSky/C_Sky_Horizon_Color.uasset" 396
"../../../Engine/Content/EngineSky/C_Sky_Zenith_Color.uasset" 397
"../../../Engine/Content/EditorMaterials/Cascade/CASC_Cross.uasset" 398
"../../../Engine/Content/EditorMaterials/Cascade/CASC_None.uasset" 399
"../../../Engine/Content/Functions/Engine_MaterialFunctions03/Blends/Blend_Overlay.uasset" 400
"../../../Engine/Content/EngineSky/T_Sky_Blue.uasset" 401
"../../../Engine/Content/EngineSky/T_Sky_Clouds_M.uasset" 402
"../../../Engine/Content/EngineSky/T_Sky_Stars.uasset" 403
"../../../Engine/Content/EngineSky/M_Sky_Panning_Clouds2.uasset" 404
"../../../Orcon/Content/Flying/Materials/M_Sky_Custom.uasset" 405
"../../../Engine/Content/EngineSky/SM_SkySphere.uasset" 406
"../../../Orcon/Content/Flying/Blueprints/BP_Sky_Sphere_New.uasset" 407
"../../../Orcon/Content/Flying/Meshes/SM_Avro_Skeleton.uasset" 408
"../../../Orcon/Content/Flying/Meshes/SM_Avro_Anim.uasset" 409
"../../../Orcon/Content/Flying/Meshes/SM_Avro_Skeleton_AnimRandomRate.uasset" 410
"../../../Orcon/Content/Flying/CustomFX/P_JetExhaust.uasset" 411
"../../../Orcon/Content/Geometry/Materials/MA_Exhaust.uasset" 412
"../../../Orcon/Content/Flying/Meshes/SM_Avro_PhysicsAsset.uasset" 413
"../../../Orcon/Content/Flying/Meshes/SM_Avro.uasset" 414
"../../../Orcon/Content/Flying/Blueprints/FriendlyJet_BP.uasset" 415
"../../../Orcon/Content/Flying/Meshes/NewCockpit_Skeleton.uasset" 416
"../../../Orcon/Content/Flying/Meshes/NewCockpit_Anims.uasset" 417
"../../../Orcon/Content/Flying/Blueprints/ShakeBoost_BP.uasset" 418
"../../../Orcon/Content/Flying/Blueprints/ShakeDamage_BP.uasset" 419
"../../../Orcon/Content/Flying/Materials/MA_MissileThruster.uasset" 420
"../../../Engine/Content/BasicShapes/Cube.uasset" 421
"../../../Orcon/Content/Flying/Materials/MA_CockpitDarkPlastic.uasset" 422
"../../../Engine/Content/Functions/Engine_MaterialFunctions02/Fresnel_Function.uasset" 423
"../../../Orcon/Content/Flying/TargetTexture.uasset" 424
"../../../Orcon/Content/Flying/Materials/MA_CockpitGlass.uasset" 425
"../../../Orcon/Content/Flying/Materials/MA_CockpitMetal.uasset" 426
"../../../Orcon/Content/Flying/Materials/Ma_CockpitMirror.uasset" 427
"../../../Orcon/Content/Flying/Materials/MA_CockpitNeonGreen.uasset" 428
"../../../Orcon/Content/Flying/Materials/MA_CockpitPlastic.uasset" 429
"../../../Orcon/Content/Flying/Materials/Meters.uasset" 430
"../../../Orcon/Content/Flying/Materials/MA_CockpitReadout.uasset" 431
"../../../Orcon/Content/Flying/Materials/MA_CockpitRed.uasset" 432
"../../../Orcon/Content/Flying/Materials/MA_HealthGreen.uasset" 433
"../../../Orcon/Content/Flying/Meshes/NewCockpit_PhysicsAsset.uasset" 434
"../../../Orcon/Content/Flying/Meshes/NewCockpit.uasset" 435
"../../../Orcon/Content/Flying/Blueprints/TP_FlyingPawn_BP.uasset" 436
"../../../Orcon/Content/InfinityBladeEffects/Effects/FX_Ambient/Fog/P_Flak.uasset" 437
"../../../Orcon/Content/Flying/Blueprints/FlakFire_BP.uasset" 438
"../../../Orcon/Content/Flying/Blueprints/FlakSpawnVolume_BP.uasset" 439
"../../../Orcon/Content/Flying/Blueprints/KillZone_BP.uasset" 440
"../../../Orcon/Content/Flying/Blueprints/KillZone_Level1_BP.uasset" 441
"../../../Orcon/Content/Flying/CustomFX/P_MissileSmoke.uasset" 442
"../../../Orcon/Content/Flying/Materials/MA_MissileDarkMetal.uasset" 443
"../../../Orcon/Content/Flying/Materials/MA_MissileFins.uasset" 444
"../../../Orcon/Content/Flying/Materials/MA_MissileWhite.uasset" 445
"../../../Orcon/Content/Flying/Meshes/SM_Missile.uasset" 446
"../../../Orcon/Content/Flying/Blueprints/Missile_BP.uasset" 447
"../../../Orcon/Content/Flying/Meshes/SM_BossTupolev_Skeleton.uasset" 448
"../../../Orcon/Content/Flying/Meshes/SM_BossTupolev_Anim.uasset" 449
"../../../Orcon/Content/Flying/Materials/MA_BulletTrail.uasset" 450
"../../../Orcon/Content/StarterContent/Textures/T_Spark_Core.uasset" 451
"../../../Orcon/Content/StarterContent/Particles/Materials/M_Spark.uasset" 452
"../../../Engine/Content/BasicShapes/Sphere.uasset" 453
"../../../Orcon/Content/Flying/Blueprints/Bullet_BP.uasset" 454
"../../../Orcon/Content/Flying/Materials/MA_Turret_Feet.uasset" 455
"../../../Orcon/Content/Flying/Materials/MA_Turret_Metal.uasset" 456
"../../../Orcon/Content/Flying/Meshes/Turret/Turret_Barrels.uasset" 457
"../../../Orcon/Content/Flying/Meshes/Turret/Turret_Base.uasset" 458
"../../../Orcon/Content/Flying/Meshes/Turret/Turret_Head.uasset" 459
"../../../Orcon/Content/Flying/Meshes/Turret/Turret_HeadCover.uasset" 460
"../../../Orcon/Content/Flying/Meshes/Turret/Turret_HeadSides.uasset" 461
"../../../Orcon/Content/Flying/Blueprints/Turret_BP.uasset" 462
"../../../Orcon/Content/Flying/UI/Icons/Keyboard_Black_C.uasset" 463
"../../../Orcon/Content/Flying/UI/Icons/Keyboard_Black_E.uasset" 464
"../../../Orcon/Content/Flying/UI/Icons/Keyboard_Black_J.uasset" 465
"../../../Orcon/Content/Flying/UI/EjectIcons.uasset" 466
"../../../Orcon/Content/Flying/UI/HullMeter.uasset" 467
"../../../Orcon/Content/Flying/UI/FlightHUD.uasset" 468
"../../../Orcon/Content/Flying/Materials/MA_BossJetBelly.uasset" 469
"../../../Orcon/Content/Flying/Materials/MA_BossJetDarkMetal.uasset" 470
"../../../Orcon/Content/Flying/Materials/MA_BossJetWings.uasset" 471
"../../../Orcon/Content/Flying/Meshes/SM_BossTupolev_PhysicsAsset.uasset" 472
"../../../Orcon/Content/Flying/Meshes/SM_BossTupolev.uasset" 473
"../../../Orcon/Content/Flying/Blueprints/MissionTarget_BP.uasset" 474
"../../../Orcon/Content/Flying/Blueprints/OrconGameMode_BP.uasset" 475
"../../../Orcon/Content/FlyingCPP/Maps/Level1_BuiltData.uasset" 476
"../../../Orcon/Content/FlyingCPP/Maps/Level1.umap" 477
"../../../Engine/Content/EngineSky/BP_Sky_Sphere.uasset" 478
"../../../Orcon/Content/Flying/Materials/MA_CubeMaterial.uasset" 479
"../../../Orcon/Content/Flying/Materials/MA_GrayMaterial.uasset" 480
"../../../Orcon/Content/Geometry/Meshes/1M_Cube_Chamfer.uasset" 481
"../../../Orcon/Content/Geometry/Meshes/TemplateFloor.uasset" 482
"../../../Orcon/Content/FlyingCPP/Maps/TestBed.umap" 483
"../../../Orcon/Content/StarterContent/Blueprints/Assets/FogBrightnessLUT.uasset" 484
"../../../Orcon/Content/StarterContent/Blueprints/Assets/SunlightColorLUT.uasset" 485
"../../../Orcon/Content/StarterContent/Blueprints/Assets/M_LightStage_Arrows.uasset" 486
"../../../Engine/Content/MapTemplates/Sky/DaylightAmbientCubemap.uasset" 487
"../../../Orcon/Content/StarterContent/Blueprints/Assets/M_LightStage_Skybox_Master.uasset" 488
"../../../Orcon/Content/StarterContent/Blueprints/Assets/M_LightStage_Skybox_Black.uasset" 489
"../../../Orcon/Content/StarterContent/Blueprints/Assets/M_LightStage_Skybox_HDRI.uasset" 490
"../../../Engine/Content/EditorMaterials/Thumbnails/SkySphereMaterial.uasset" 491
"../../../Orcon/Content/StarterContent/Blueprints/Assets/Skybox.uasset" 492
"../../../Orcon/Content/StarterContent/Blueprints/Assets/SM_Arrows.uasset" 493
"../../../Orcon/Content/StarterContent/HDRI/HDRI_Epic_Courtyard_Daylight.uasset" 494
"../../../Orcon/Content/StarterContent/Blueprints/BP_LightStudio.uasset" 495
"../../../Orcon/Content/StarterContent/Maps/Advanced_Lighting_BuiltData.uasset" 496
"../../../Orcon/Content/StarterContent/Materials/M_AssetPlatform.uasset" 497
"../../../Engine/Content/EditorMeshes/ColorCalibrator/M_ChromeBall.uasset" 498
"../../../Engine/Content/EditorMeshes/ColorCalibrator/M_ClearCoat.uasset" 499
"../../../Engine/Content/EditorMeshes/ColorCalibrator/M_ClearCoatBlack.uasset" 500
"../../../Engine/Content/EditorMeshes/ColorCalibrator/M_ColorGrid.uasset" 501
"../../../Engine/Content/EditorMeshes/ColorCalibrator/M_GreyBall.uasset" 502
"../../../Engine/Content/EditorMeshes/ColorCalibrator/SM_ColorCalibrator.uasset" 503
"../../../Orcon/Content/StarterContent/Architecture/SM_AssetPlatform.uasset" 504
"../../../Orcon/Content/StarterContent/Maps/Advanced_Lighting.umap" 505
"../../../Orcon/Content/StarterContent/Maps/Minimal_Default_BuiltData.uasset" 506
"../../../Orcon/Content/StarterContent/Textures/T_MacroVariation.uasset" 507
"../../../Orcon/Content/StarterContent/Materials/M_Metal_Brushed_Nickel.uasset" 508
"../../../Orcon/Content/StarterContent/Textures/T_Metal_Aluminum_D.uasset" 509
"../../../Orcon/Content/StarterContent/Textures/T_Metal_Gold_N.uasset" 510
"../../../Orcon/Content/StarterContent/Materials/M_Metal_Burnished_Steel.uasset" 511
"../../../Orcon/Content/StarterContent/Textures/T_Metal_Copper_D.uasset" 512
"../../../Orcon/Content/StarterContent/Materials/M_Metal_Copper.uasset" 513
"../../../Orcon/Content/StarterContent/Textures/T_Statue_M.uasset" 514
"../../../Orcon/Content/StarterContent/Textures/T_Statue_N.uasset" 515
"../../../Orcon/Content/StarterContent/Props/Materials/M_StatueGlass.uasset" 516
"../../../Orcon/Content/StarterContent/Architecture/Floor_400x400.uasset" 517
"../../../Orcon/Content/StarterContent/Audio/Starter_Background_Cue.uasset" 518
"../../../Orcon/Content/StarterContent/Props/SM_Chair.uasset" 519
"../../../Orcon/Content/StarterContent/Props/Materials/M_Statue.uasset" 520
"../../../Orcon/Content/StarterContent/Props/SM_Statue.uasset" 521
"../../../Orcon/Content/StarterContent/Textures/T_TableRound_M.uasset" 522
"../../../Orcon/Content/StarterContent/Textures/T_TableRound_N.uasset" 523
"../../../Orcon/Content/StarterContent/Props/Materials/M_TableRound.uasset" 524
"../../../Orcon/Content/StarterContent/Props/SM_TableRound.uasset" 525
"../../../Orcon/Content/StarterContent/Maps/Minimal_Default.umap" 526
"../../../Orcon/Content/StarterContent/Audio/Fire01_Cue.uasset" 527
"../../../Orcon/Content/StarterContent/Textures/T_Fire_SubUV.uasset" 528
"../../../Orcon/Content/StarterContent/Textures/T_Fire_Tiled_D.uasset" 529
"../../../Orcon/Content/StarterContent/Particles/Materials/M_Fire_SubUV.uasset" 530
"../../../Orcon/Content/StarterContent/Textures/T_Water_N.uasset" 531
"../../../Orcon/Content/StarterContent/Particles/Materials/M_Heat_Distortion.uasset" 532
"../../../Orcon/Content/StarterContent/Particles/Materials/M_Radial_Gradient.uasset" 533
"../../../Orcon/Content/StarterContent/Particles/P_Fire.uasset" 534
"../../../Orcon/Content/StarterContent/Blueprints/Blueprint_Effect_Fire.uasset" 535
"../../../Orcon/Content/StarterContent/Audio/Smoke01_Cue.uasset" 536
"../../../Orcon/Content/StarterContent/Particles/P_Smoke.uasset" 537
"../../../Orcon/Content/StarterContent/Blueprints/Blueprint_Effect_Smoke.uasset" 538
"../../../Orcon/Content/StarterContent/Audio/Fire_Sparks01_Cue.uasset" 539
"../../../Orcon/Content/StarterContent/Particles/P_Sparks.uasset" 540
"../../../Orcon/Content/StarterContent/Blueprints/Blueprint_Effect_Sparks.uasset" 541
"../../../Orcon/Content/StarterContent/Audio/Steam01_Cue.uasset" 542
"../../../Orcon/Content/StarterContent/Particles/P_Steam_Lit.uasset" 543
"../../../Orcon/Content/StarterContent/Blueprints/Blueprint_Effect_Steam.uasset" 544
"../../../Orcon/Content/StarterContent/Textures/T_Lamp_M.uasset" 545
"../../../Orcon/Content/StarterContent/Textures/T_Lamp_N.uasset" 546
"../../../Orcon/Content/StarterContent/Props/Materials/M_Lamp.uasset" 547
"../../../Orcon/Content/StarterContent/Props/SM_Lamp_Ceiling.uasset" 548
"../../../Orcon/Content/StarterContent/Blueprints/Blueprint_CeilingLight.uasset" 549
"../../../Orcon/Content/StarterContent/Props/SM_Lamp_Wall.uasset" 550
"../../../Orcon/Content/StarterContent/Blueprints/Blueprint_WallSconce.uasset" 551
"../../../Orcon/Content/StarterContent/Maps/StarterMap_BuiltData.uasset" 552
"../../../Engine/Content/Functions/Engine_MaterialFunctions03/Procedurals/ComputeFilterWidth.uasset" 553
"../../../Engine/Content/EngineMaterials/AntiAliasedTextMaterialTranslucent.uasset" 554
"../../../Orcon/Content/StarterContent/Textures/T_Brick_Clay_Beveled_D.uasset" 555
"../../../Orcon/Content/StarterContent/Textures/T_Brick_Clay_Beveled_M.uasset" 556
"../../../Orcon/Content/StarterContent/Textures/T_Brick_Clay_Beveled_N.uasset" 557
"../../../Orcon/Content/StarterContent/Materials/M_Brick_Clay_Beveled.uasset" 558
"../../../Orcon/Content/StarterContent/Textures/T_Brick_Clay_New_D.uasset" 559
"../../../Orcon/Content/StarterContent/Textures/T_Brick_Clay_New_M.uasset" 560
"../../../Orcon/Content/StarterContent/Textures/T_Brick_Clay_New_N.uasset" 561
"../../../Orcon/Content/StarterContent/Materials/M_Brick_Clay_New.uasset" 562
"../../../Orcon/Content/StarterContent/Textures/T_Brick_Clay_Old_D.uasset" 563
"../../../Orcon/Content/StarterContent/Textures/T_Brick_Clay_Old_N.uasset" 564
"../../../Orcon/Content/StarterContent/Textures/T_Perlin_Noise_M.uasset" 565
"../../../Orcon/Content/StarterContent/Materials/M_Brick_Clay_Old.uasset" 566
"../../../Orcon/Content/StarterContent/Textures/T_Brick_Cut_Stone_D.uasset" 567
"../../../Orcon/Content/StarterContent/Textures/T_Brick_Cut_Stone_N.uasset" 568
"../../../Orcon/Content/StarterContent/Materials/M_Brick_Cut_Stone.uasset" 569
"../../../Orcon/Content/StarterContent/Textures/T_Brick_Hewn_Stone_D.uasset" 570
"../../../Orcon/Content/StarterContent/Textures/T_Brick_Hewn_Stone_M.uasset" 571
"../../../Orcon/Content/StarterContent/Textures/T_Brick_Hewn_Stone_N.uasset" 572
"../../../Orcon/Content/StarterContent/Materials/M_Brick_Hewn_Stone.uasset" 573
"../../../Orcon/Content/StarterContent/Textures/T_Ceramic_Tile_M.uasset" 574
"../../../Orcon/Content/StarterContent/Textures/T_Ceramic_Tile_N.uasset" 575
"../../../Orcon/Content/StarterContent/Textures/T_Rock_Marble_Polished_D.uasset" 576
"../../../Orcon/Content/StarterContent/Materials/M_Ceramic_Tile_Checker.uasset" 577
"../../../Orcon/Content/StarterContent/Textures/T_CobbleStone_Pebble_D.uasset" 578
"../../../Orcon/Content/StarterContent/Textures/T_CobbleStone_Pebble_M.uasset" 579
"../../../Orcon/Content/StarterContent/Textures/T_CobbleStone_Pebble_N.uasset" 580
"../../../Orcon/Content/StarterContent/Materials/M_CobbleStone_Pebble.uasset" 581
"../../../Orcon/Content/StarterContent/Textures/T_CobbleStone_Rough_D.uasset" 582
"../../../Orcon/Content/StarterContent/Textures/T_CobbleStone_Rough_N.uasset" 583
"../../../Orcon/Content/StarterContent/Textures/T_Gradinet_01.uasset" 584
"../../../Orcon/Content/StarterContent/Textures/T_Rock_Smooth_Granite_D.uasset" 585
"../../../Orcon/Content/StarterContent/Materials/M_CobbleStone_Rough.uasset" 586
"../../../Orcon/Content/StarterContent/Textures/T_CobbleStone_Smooth_D.uasset" 587
"../../../Orcon/Content/StarterContent/Textures/T_CobbleStone_Smooth_M.uasset" 588
"../../../Orcon/Content/StarterContent/Textures/T_CobbleStone_Smooth_N.uasset" 589
"../../../Orcon/Content/StarterContent/Materials/M_CobbleStone_Smooth.uasset" 590
"../../../Orcon/Content/StarterContent/Textures/T_Concrete_Grime_D.uasset" 591
"../../../Orcon/Content/StarterContent/Textures/T_Metal_Rust_N.uasset" 592
"../../../Orcon/Content/StarterContent/Materials/M_Concrete_Grime.uasset" 593
"../../../Orcon/Content/StarterContent/Textures/T_Concrete_Panels_D.uasset" 594
"../../../Orcon/Content/StarterContent/Textures/T_Concrete_Panels_N.uasset" 595
"../../../Orcon/Content/StarterContent/Materials/M_Concrete_Panels.uasset" 596
"../../../Orcon/Content/StarterContent/Textures/T_Concrete_Poured_D.uasset" 597
"../../../Orcon/Content/StarterContent/Textures/T_Concrete_Poured_N.uasset" 598
"../../../Orcon/Content/StarterContent/Materials/M_Concrete_Poured.uasset" 599
"../../../Orcon/Content/StarterContent/Textures/T_Concrete_Tiles_D.uasset" 600
"../../../Orcon/Content/StarterContent/Textures/T_Concrete_Tiles_M.uasset" 601
"../../../Orcon/Content/StarterContent/Textures/T_Concrete_Tiles_N.uasset" 602
"../../../Orcon/Content/StarterContent/Textures/T_Concrete_Tiles_Variation_M.uasset" 603
"../../../Orcon/Content/StarterContent/Materials/M_Concrete_Tiles.uasset" 604
"../../../Orcon/Content/StarterContent/Textures/T_Ground_Grass_D.uasset" 605
"../../../Orcon/Content/StarterContent/Textures/T_Ground_Grass_N.uasset" 606
"../../../Orcon/Content/StarterContent/Materials/M_Ground_Grass.uasset" 607
"../../../Orcon/Content/StarterContent/Textures/T_Ground_Gravel_D.uasset" 608
"../../../Orcon/Content/StarterContent/Textures/T_Ground_Gravel_N.uasset" 609
"../../../Orcon/Content/StarterContent/Materials/M_Ground_Gravel.uasset" 610
"../../../Orcon/Content/StarterContent/Textures/T_ground_Moss_D.uasset" 611
"../../../Orcon/Content/StarterContent/Textures/T_Ground_Moss_N.uasset" 612
"../../../Orcon/Content/StarterContent/Materials/M_Ground_Moss.uasset" 613
"../../../Orcon/Content/StarterContent/Materials/M_Metal_Chrome.uasset" 614
"../../../Orcon/Content/StarterContent/Textures/T_Metal_Gold_D.uasset" 615
"../../../Orcon/Content/StarterContent/Materials/M_Metal_Gold.uasset" 616
"../../../Orcon/Content/StarterContent/Textures/T_Metal_Rust_D.uasset" 617
"../../../Orcon/Content/StarterContent/Materials/M_Metal_Rust.uasset" 618
"../../../Orcon/Content/StarterContent/Textures/T_Metal_Steel_D.uasset" 619
"../../../Orcon/Content/StarterContent/Textures/T_Metal_Steel_N.uasset" 620
"../../../Orcon/Content/StarterContent/Materials/M_Metal_Steel.uasset" 621
"../../../Orcon/Content/StarterContent/Textures/T_Rock_Basalt_N.uasset" 622
"../../../Orcon/Content/StarterContent/Materials/M_Rock_Basalt.uasset" 623
"../../../Orcon/Content/StarterContent/Materials/M_Rock_Marble_Polished.uasset" 624
"../../../Orcon/Content/StarterContent/Textures/T_Rock_Sandstone_D.uasset" 625
"../../../Orcon/Content/StarterContent/Textures/T_Rock_Sandstone_N.uasset" 626
"../../../Orcon/Content/StarterContent/Materials/M_Rock_Sandstone.uasset" 627
"../../../Orcon/Content/StarterContent/Textures/T_Rock_Slate_D.uasset" 628
"../../../Orcon/Content/StarterContent/Textures/T_Rock_Slate_N.uasset" 629
"../../../Orcon/Content/StarterContent/Materials/M_Rock_Slate.uasset" 630
"../../../Orcon/Content/StarterContent/Textures/T_Checker_Noise_M.uasset" 631
"../../../Orcon/Content/StarterContent/Textures/T_Single_Tile_N.uasset" 632
"../../../Orcon/Content/StarterContent/Textures/T_Tech_Dot_M.uasset" 633
"../../../Orcon/Content/StarterContent/Textures/T_Tech_Dot_N.uasset" 634
"../../../Orcon/Content/StarterContent/Materials/M_Tech_Checker_Dot.uasset" 635
"../../../Orcon/Content/StarterContent/Textures/T_Tech_Hex_Tile_M.uasset" 636
"../../../Orcon/Content/StarterContent/Textures/T_Tech_Hex_Tile_N.uasset" 637
"../../../Orcon/Content/StarterContent/Materials/M_Tech_Hex_Tile.uasset" 638
"../../../Orcon/Content/StarterContent/Materials/M_Tech_Hex_Tile_Pulse.uasset" 639
"../../../Orcon/Content/StarterContent/Textures/T_Tech_Panel_M.uasset" 640
"../../../Orcon/Content/StarterContent/Textures/T_Tech_Panel_N.uasset" 641
"../../../Orcon/Content/StarterContent/Materials/M_Tech_Panel.uasset" 642
"../../../Orcon/Content/StarterContent/Materials/M_Water_Lake.uasset" 643
"../../../Orcon/Content/StarterContent/Textures/T_Water_M.uasset" 644
"../../../Orcon/Content/StarterContent/Materials/M_Water_Ocean.uasset" 645
"../../../Orcon/Content/StarterContent/Textures/T_Wood_Floor_Walnut_D.uasset" 646
"../../../Orcon/Content/StarterContent/Textures/T_Wood_Floor_Walnut_M.uasset" 647
"../../../Orcon/Content/StarterContent/Textures/T_Wood_Floor_Walnut_N.uasset" 648
"../../../Orcon/Content/StarterContent/Materials/M_Wood_Floor_Walnut_Polished.uasset" 649
"../../../Engine/Content/Functions/Engine_MaterialFunctions01/Opacity/AlphaOffset.uasset" 650
"../../../Orcon/Content/StarterContent/Materials/M_Wood_Floor_Walnut_Worn.uasset" 651
"../../../Orcon/Content/StarterContent/Textures/T_Wood_Oak_D.uasset" 652
"../../../Orcon/Content/StarterContent/Textures/T_Wood_Oak_N.uasset" 653
"../../../Orcon/Content/StarterContent/Materials/M_Wood_Oak.uasset" 654
"../../../Orcon/Content/StarterContent/Textures/T_Wood_Pine_D.uasset" 655
"../../../Orcon/Content/StarterContent/Textures/T_Wood_Pine_N.uasset" 656
"../../../Orcon/Content/StarterContent/Materials/M_Wood_Pine.uasset" 657
"../../../Orcon/Content/StarterContent/Textures/T_Wood_Walnut_D.uasset" 658
"../../../Orcon/Content/StarterContent/Textures/T_Wood_Walnut_N.uasset" 659
"../../../Orcon/Content/StarterContent/Materials/M_Wood_Walnut.uasset" 660
"../../../Orcon/Content/StarterContent/Architecture/Wall_400x200.uasset" 661
"../../../Orcon/Content/StarterContent/Architecture/Wall_Door_400x300.uasset" 662
"../../../Orcon/Content/StarterContent/Architecture/Wall_Window_400x300.uasset" 663
"../../../Orcon/Content/StarterContent/Audio/Collapse_Cue.uasset" 664
"../../../Orcon/Content/StarterContent/Audio/Starter_Music_Cue.uasset" 665
"../../../Orcon/Content/StarterContent/Textures/T_Dust_Particle_D.uasset" 666
"../../../Orcon/Content/StarterContent/Particles/Materials/M_Dust_Particle.uasset" 667
"../../../Orcon/Content/StarterContent/Particles/P_Ambient_Dust.uasset" 668
"../../../Orcon/Content/StarterContent/Props/MaterialSphere.uasset" 669
"../../../Orcon/Content/StarterContent/Textures/T_Frame_M.uasset" 670
"../../../Orcon/Content/StarterContent/Textures/T_Frame_N.uasset" 671
"../../../Orcon/Content/StarterContent/Props/Materials/M_Frame.uasset" 672
"../../../Orcon/Content/StarterContent/Props/SM_CornerFrame.uasset" 673
"../../../Orcon/Content/StarterContent/Props/SM_DoorFrame.uasset" 674
"../../../Orcon/Content/StarterContent/Props/SM_GlassWindow.uasset" 675
"../../../Orcon/Content/StarterContent/Props/SM_PillarFrame.uasset" 676
"../../../Orcon/Content/StarterContent/Props/SM_PillarFrame300.uasset" 677
"../../../Orcon/Content/StarterContent/Props/SM_WindowFrame.uasset" 678
"../../../Orcon/Content/StarterContent/Shapes/Shape_Cube.uasset" 679
"../../../Orcon/Content/StarterContent/Shapes/Shape_QuadPyramid.uasset" 680
"../../../Orcon/Content/StarterContent/Shapes/Shape_Sphere.uasset" 681
"../../../Orcon/Content/StarterContent/Maps/StarterMap.umap" 682
"../../../Engine/Content/Maps/Entry.umap" 683
