"C:/Users/fusio/Desktop/Orcon/Orcon.uproject" 1
"../../../Engine/Plugins/2D/Paper2D/Paper2D.uplugin" 2
"../../../Engine/Plugins/Blendables/LightPropagationVolume/LightPropagationVolume.uplugin" 3
"../../../Engine/Plugins/Compositing/Composure/Composure.uplugin" 4
"../../../Engine/Plugins/Compositing/LensDistortion/LensDistortion.uplugin" 5
"../../../Engine/Plugins/Developer/BlankPlugin/BlankPlugin.uplugin" 6
"../../../Engine/Plugins/Developer/CodeLiteSourceCodeAccess/CodeLiteSourceCodeAccess.uplugin" 7
"../../../Engine/Plugins/Developer/GitSourceControl/GitSourceControl.uplugin" 8
"../../../Engine/Plugins/Developer/KDevelopSourceCodeAccess/KDevelopSourceCodeAccess.uplugin" 9
"../../../Engine/Plugins/Developer/NullSourceCodeAccess/NullSourceCodeAccess.uplugin" 10
"../../../Engine/Plugins/Developer/OneSkyLocalizationService/OneSkyLocalizationService.uplugin" 11
"../../../Engine/Plugins/Developer/PerforceSourceControl/PerforceSourceControl.uplugin" 12
"../../../Engine/Plugins/Developer/RenderDocPlugin/RenderDocPlugin.uplugin" 13
"../../../Engine/Plugins/Developer/SubversionSourceControl/SubversionSourceControl.uplugin" 14
"../../../Engine/Plugins/Developer/UObjectPlugin/UObjectPlugin.uplugin" 15
"../../../Engine/Plugins/Developer/VisualStudioSourceCodeAccess/VisualStudioSourceCodeAccess.uplugin" 16
"../../../Engine/Plugins/Developer/XCodeSourceCodeAccess/XCodeSourceCodeAccess.uplugin" 17
"../../../Engine/Plugins/Editor/AssetManagerEditor/AssetManagerEditor.uplugin" 18
"../../../Engine/Plugins/Editor/AudioCapture/AudioCapture.uplugin" 19
"../../../Engine/Plugins/Editor/EpicSurvey/EpicSurvey.uplugin" 20
"../../../Engine/Plugins/Editor/FacialAnimation/FacialAnimation.uplugin" 21
"../../../Engine/Plugins/Editor/GameplayTagsEditor/GameplayTagsEditor.uplugin" 22
"../../../Engine/Plugins/Editor/MobileLauncherProfileWizard/MobileLauncherProfileWizard.uplugin" 23
"../../../Engine/Plugins/Editor/PluginBrowser/PluginBrowser.uplugin" 24
"../../../Engine/Plugins/Editor/SpeedTreeImporter/SpeedTreeImporter.uplugin" 25
"../../../Engine/Plugins/Editor/USDImporter/USDImporter.uplugin" 26
"../../../Engine/Plugins/Experimental/AlembicImporter/AlembicImporter.uplugin" 27
"../../../Engine/Plugins/Experimental/AppleARKit/AppleARKit.uplugin" 28
"../../../Engine/Plugins/Experimental/BlueprintStats/BlueprintStats.uplugin" 29
"../../../Engine/Plugins/Experimental/CharacterAI/CharacterAI.uplugin" 30
"../../../Engine/Plugins/Experimental/CodeEditor/CodeEditor.uplugin" 31
"../../../Engine/Plugins/Experimental/CodeView/CodeView.uplugin" 32
"../../../Engine/Plugins/Experimental/ControlRig/ControlRig.uplugin" 33
"../../../Engine/Plugins/Experimental/HTML5Networking/HTML5Networking.uplugin" 34
"../../../Engine/Plugins/Experimental/ImagePlate/ImagePlate.uplugin" 35
"../../../Engine/Plugins/Experimental/LiveLink/LiveLink.uplugin" 36
"../../../Engine/Plugins/Experimental/OSVR/OSVR.uplugin" 37
"../../../Engine/Plugins/Experimental/RawInput/RawInput.uplugin" 38
"../../../Engine/Plugins/Experimental/SimpleHMD/SimpleHMD.uplugin" 39
"../../../Engine/Plugins/Experimental/StereoPanorama/StereoPanorama.uplugin" 40
"../../../Engine/Plugins/Experimental/StructBox/StructBox.uplugin" 41
"../../../Engine/Plugins/Media/AndroidMedia/AndroidMedia.uplugin" 42
"../../../Engine/Plugins/Media/AvfMedia/AvfMedia.uplugin" 43
"../../../Engine/Plugins/Media/MediaPlayerEditor/MediaPlayerEditor.uplugin" 44
"../../../Engine/Plugins/Media/MfMedia/MfMedia.uplugin" 45
"../../../Engine/Plugins/Media/WmfMedia/WmfMedia.uplugin" 46
"../../../Engine/Plugins/Messaging/MessagingDebugger/MessagingDebugger.uplugin" 47
"../../../Engine/Plugins/Messaging/TcpMessaging/TcpMessaging.uplugin" 48
"../../../Engine/Plugins/Messaging/UdpMessaging/UdpMessaging.uplugin" 49
"../../../Engine/Plugins/MovieScene/ActorSequenceEditor/ActorSequenceEditor.uplugin" 50
"../../../Engine/Plugins/MovieScene/LevelSequenceEditor/LevelSequenceEditor.uplugin" 51
"../../../Engine/Plugins/MovieScene/MatineeToLevelSequence/MatineeToLevelSequence.uplugin" 52
"../../../Engine/Plugins/NetcodeUnitTest/NetcodeUnitTest/NetcodeUnitTest.uplugin" 53
"../../../Engine/Plugins/NetcodeUnitTest/NUTUnrealEngine4/NUTUnrealEngine4.uplugin" 54
"../../../Engine/Plugins/Online/Android/OnlineSubsystemGameCircle/OnlineSubsystemGameCircle.uplugin" 55
"../../../Engine/Plugins/Online/Android/OnlineSubsystemGooglePlay/OnlineSubsystemGooglePlay.uplugin" 56
"../../../Engine/Plugins/Online/IOS/OnlineSubsystemIOS/OnlineSubsystemIOS.uplugin" 57
"../../../Engine/Plugins/Online/OnlineFramework/OnlineFramework.uplugin" 58
"../../../Engine/Plugins/Online/OnlineSubsystem/OnlineSubsystem.uplugin" 59
"../../../Engine/Plugins/Online/OnlineSubsystemAmazon/OnlineSubsystemAmazon.uplugin" 60
"../../../Engine/Plugins/Online/OnlineSubsystemFacebook/OnlineSubsystemFacebook.uplugin" 61
"../../../Engine/Plugins/Online/OnlineSubsystemGoogle/OnlineSubsystemGoogle.uplugin" 62
"../../../Engine/Plugins/Online/OnlineSubsystemNull/OnlineSubsystemNull.uplugin" 63
"../../../Engine/Plugins/Online/OnlineSubsystemOculus/OnlineSubsystemOculus.uplugin" 64
"../../../Engine/Plugins/Online/OnlineSubsystemSteam/OnlineSubsystemSteam.uplugin" 65
"../../../Engine/Plugins/Online/OnlineSubsystemTwitch/OnlineSubsystemTwitch.uplugin" 66
"../../../Engine/Plugins/Online/OnlineSubsystemUtils/OnlineSubsystemUtils.uplugin" 67
"../../../Engine/Plugins/Performance/PerformanceMonitor/PerformanceMonitor.uplugin" 68
"../../../Engine/Plugins/Runtime/Advertising/IOSTapJoy/IOSTapJoy.uplugin" 69
"../../../Engine/Plugins/Runtime/Analytics/Adjust/Adjust.uplugin" 70
"../../../Engine/Plugins/Runtime/Analytics/AnalyticsBlueprintLibrary/AnalyticsBlueprintLibrary.uplugin" 71
"../../../Engine/Plugins/Runtime/Analytics/AnalyticsMulticast/AnalyticsMulticast.uplugin" 72
"../../../Engine/Plugins/Runtime/Analytics/Apsalar/Apsalar.uplugin" 73
"../../../Engine/Plugins/Runtime/Analytics/FileLogging/FileLogging.uplugin" 74
"../../../Engine/Plugins/Runtime/Analytics/Flurry/Flurry.uplugin" 75
"../../../Engine/Plugins/Runtime/AndroidDeviceProfileSelector/AndroidDeviceProfileSelector.uplugin" 76
"../../../Engine/Plugins/Runtime/AndroidMoviePlayer/AndroidMoviePlayer.uplugin" 77
"../../../Engine/Plugins/Runtime/AndroidPermission/AndroidPermission.uplugin" 78
"../../../Engine/Plugins/Runtime/AppleMoviePlayer/AppleMoviePlayer.uplugin" 79
"../../../Engine/Plugins/Runtime/ArchVisCharacter/ArchVisCharacter.uplugin" 80
"../../../Engine/Plugins/Runtime/CableComponent/CableComponent.uplugin" 81
"../../../Engine/Plugins/Runtime/CustomMeshComponent/CustomMeshComponent.uplugin" 82
"../../../Engine/Plugins/Runtime/ExampleDeviceProfileSelector/ExampleDeviceProfileSelector.uplugin" 83
"../../../Engine/Plugins/Runtime/GameplayAbilities/GameplayAbilities.uplugin" 84
"../../../Engine/Plugins/Runtime/GoogleCloudMessaging/GoogleCloudMessaging.uplugin" 85
"../../../Engine/Plugins/Runtime/GoogleTango/GoogleTango.uplugin" 86
"../../../Engine/Plugins/Runtime/GoogleVR/GoogleVRController/GoogleVRController.uplugin" 87
"../../../Engine/Plugins/Runtime/GoogleVR/GoogleVRHMD/GoogleVRHMD.uplugin" 88
"../../../Engine/Plugins/Runtime/GoogleVR/GoogleVRTransition2D/GoogleVRTransition2D.uplugin" 89
"../../../Engine/Plugins/Runtime/HTNPlanner/HTNPlanner.uplugin" 90
"../../../Engine/Plugins/Runtime/HTTPChunkInstaller/HTTPChunkInstaller.uplugin" 91
"../../../Engine/Plugins/Runtime/ImmediatePhysics/ImmediatePhysics.uplugin" 92
"../../../Engine/Plugins/Runtime/IOSDeviceProfileSelector/IOSDeviceProfileSelector.uplugin" 93
"../../../Engine/Plugins/Runtime/LeapMotion/LeapMotion.uplugin" 94
"../../../Engine/Plugins/Runtime/LinuxDeviceProfileSelector/LinuxDeviceProfileSelector.uplugin" 95
"../../../Engine/Plugins/Runtime/LocationServicesAndroidImpl/LocationServicesAndroidImpl.uplugin" 96
"../../../Engine/Plugins/Runtime/LocationServicesBPLibrary/LocationServicesBPLibrary.uplugin" 97
"../../../Engine/Plugins/Runtime/LocationServicesIOSImpl/LocationServicesIOSImpl.uplugin" 98
"../../../Engine/Plugins/Runtime/MeshReconstruction/DummyMeshReconstructor/DummyMeshReconstructor.uplugin" 99
"../../../Engine/Plugins/Runtime/MIDIDevice/MIDIDevice.uplugin" 100
"../../../Engine/Plugins/Runtime/MixedRealityFramework/MixedRealityFramework.uplugin" 101
"../../../Engine/Plugins/Runtime/MobilePatchingUtils/MobilePatchingUtils.uplugin" 102
"../../../Engine/Plugins/Runtime/Nvidia/Ansel/Ansel.uplugin" 103
"../../../Engine/Plugins/Runtime/Oculus/OculusAudio/OculusAudio.uplugin" 104
"../../../Engine/Plugins/Runtime/Oculus/OculusVR/OculusVR.uplugin" 105
"../../../Engine/Plugins/Runtime/OptionalMobileFeaturesBPLibrary/OptionalMobileFeaturesBPLibrary.uplugin" 106
"../../../Engine/Plugins/Runtime/PhysXVehicles/PhysXVehicles.uplugin" 107
"../../../Engine/Plugins/Runtime/ProceduralMeshComponent/ProceduralMeshComponent.uplugin" 108
"../../../Engine/Plugins/Runtime/RuntimePhysXCooking/RuntimePhysXCooking.uplugin" 109
"../../../Engine/Plugins/Runtime/SignificanceManager/SignificanceManager.uplugin" 110
"../../../Engine/Plugins/Runtime/SoundMod/SoundMod.uplugin" 111
"../../../Engine/Plugins/Runtime/SoundUtilities/SoundUtilities.uplugin" 112
"../../../Engine/Plugins/Runtime/SoundVisualizations/SoundVisualizations.uplugin" 113
"../../../Engine/Plugins/Runtime/Steam/SteamAudio/SteamAudio.uplugin" 114
"../../../Engine/Plugins/Runtime/Steam/SteamController/SteamController.uplugin" 115
"../../../Engine/Plugins/Runtime/Steam/SteamVR/SteamVR.uplugin" 116
"../../../Engine/Plugins/Runtime/Synthesis/Synthesis.uplugin" 117
"../../../Engine/Plugins/Runtime/WebBrowserWidget/WebBrowserWidget.uplugin" 118
"../../../Engine/Plugins/Runtime/WindowsDeviceProfileSelector/WindowsDeviceProfileSelector.uplugin" 119
"../../../Engine/Plugins/Runtime/WindowsMoviePlayer/WindowsMoviePlayer.uplugin" 120
"../../../Engine/Plugins/ScriptPlugin/ScriptPlugin.uplugin" 121
"../../../Engine/Plugins/Slate/SlateRemote/SlateRemote.uplugin" 122
"../../../Engine/Plugins/Tests/EditorTests/EditorTests.uplugin" 123
"../../../Engine/Plugins/Tests/FbxAutomationTestBuilder/FbxAutomationTestBuilder.uplugin" 124
"../../../Engine/Plugins/Tests/FunctionalTestingEditor/FunctionalTestingEditor.uplugin" 125
"../../../Engine/Plugins/Tests/RuntimeTests/RuntimeTests.uplugin" 126
"../../../Engine/Plugins/Tests/ScreenshotTools/ScreenshotTools.uplugin" 127
"..\..\..\Engine\Content\Internationalization\icudt53l\cnvalias.icu" 128
"..\..\..\Engine\Content\Internationalization\icudt53l\res_index.res" 129
"..\..\..\Engine\Content\Internationalization\icudt53l\plurals.res" 130
"..\..\..\Engine\Content\Internationalization\icudt53l\lang\en.res" 131
"..\..\..\Engine\Content\Internationalization\icudt53l\lang\pool.res" 132
"..\..\..\Engine\Content\Internationalization\icudt53l\lang\root.res" 133
"..\..\..\Engine\Content\Internationalization\icudt53l\region\en.res" 134
"..\..\..\Engine\Content\Internationalization\icudt53l\region\pool.res" 135
"..\..\..\Engine\Content\Internationalization\icudt53l\region\root.res" 136
"..\..\..\Engine\Content\Internationalization\icudt53l\lang\en_GB.res" 137
"..\..\..\Engine\Content\Internationalization\icudt53l\region\en_GB.res" 138
"..\..\..\Engine\Content\Internationalization\icudt53l\windowsZones.res" 139
"..\..\..\Engine\Content\Internationalization\icudt53l\zoneinfo64.res" 140
"..\..\..\Engine\Content\Internationalization\icudt53l\keyTypeData.res" 141
"..\..\..\Engine\Content\Internationalization\icudt53l\timezoneTypes.res" 142
"..\..\..\Engine\Content\Internationalization\icudt53l\en_US.res" 143
"..\..\..\Engine\Content\Internationalization\icudt53l\pool.res" 144
"..\..\..\Engine\Content\Internationalization\icudt53l\en.res" 145
"..\..\..\Engine\Content\Internationalization\icudt53l\root.res" 146
"C:/Users/fusio/AppData/Local/UnrealEngine/4.17/Saved/Config/Windows/Manifest.ini" 147
"../../../Engine/Config/Base.ini" 148
"../../../Engine/Config/BaseEngine.ini" 149
"C:/Users/fusio/Desktop/Orcon/Config/DefaultEngine.ini" 150
"../../../Engine/Config/Windows/WindowsEngine.ini" 151
"C:/Users/fusio/Desktop/Orcon/Saved/Config/Windows/Engine.ini" 152
"C:/Users/fusio/Desktop/Orcon/Intermediate/Config/CoalescedSourceConfigs/Engine.ini" 153
"../../../Engine/Config/BaseGame.ini" 154
"C:/Users/fusio/Desktop/Orcon/Config/DefaultGame.ini" 155
"C:/Users/fusio/Desktop/Orcon/Saved/Config/Windows/Game.ini" 156
"C:/Users/fusio/Desktop/Orcon/Intermediate/Config/CoalescedSourceConfigs/Game.ini" 157
"../../../Engine/Config/BaseInput.ini" 158
"C:/Users/fusio/Desktop/Orcon/Config/DefaultInput.ini" 159
"C:/Users/fusio/Desktop/Orcon/Saved/Config/Windows/Input.ini" 160
"C:/Users/fusio/Desktop/Orcon/Intermediate/Config/CoalescedSourceConfigs/Input.ini" 161
"../../../Engine/Config/BaseEditor.ini" 162
"C:/Users/fusio/Desktop/Orcon/Config/DefaultEditor.ini" 163
"C:/Users/fusio/Desktop/Orcon/Saved/Config/Windows/Editor.ini" 164
"C:/Users/fusio/Desktop/Orcon/Intermediate/Config/CoalescedSourceConfigs/Editor.ini" 165
"../../../Engine/Config/BaseEditorPerProjectUserSettings.ini" 166
"C:/Users/fusio/Desktop/Orcon/Config/DefaultEditorPerProjectUserSettings.ini" 167
"C:/Users/fusio/Desktop/Orcon/Saved/Config/Windows/EditorPerProjectUserSettings.ini" 168
"C:/Users/fusio/Desktop/Orcon/Intermediate/Config/CoalescedSourceConfigs/EditorPerProjectUserSettings.ini" 169
"../../../Engine/Config/BaseEditorSettings.ini" 170
"C:/Users/fusio/AppData/Local/UnrealEngine/4.17/Saved/Config/Windows/EditorSettings.ini" 171
"C:/Users/fusio/Desktop/Orcon/Intermediate/Config/CoalescedSourceConfigs/EditorSettings.ini" 172
"../../../Engine/Config/BaseEditorLayout.ini" 173
"C:/Users/fusio/AppData/Local/UnrealEngine/4.17/Saved/Config/Windows/EditorLayout.ini" 174
"C:/Users/fusio/Desktop/Orcon/Intermediate/Config/CoalescedSourceConfigs/EditorLayout.ini" 175
"../../../Engine/Config/BaseEditorKeyBindings.ini" 176
"C:/Users/fusio/AppData/Local/UnrealEngine/4.17/Saved/Config/Windows/EditorKeyBindings.ini" 177
"C:/Users/fusio/Desktop/Orcon/Intermediate/Config/CoalescedSourceConfigs/EditorKeyBindings.ini" 178
"../../../Engine/Config/BaseCompat.ini" 179
"C:/Users/fusio/Desktop/Orcon/Saved/Config/Windows/Compat.ini" 180
"C:/Users/fusio/Desktop/Orcon/Intermediate/Config/CoalescedSourceConfigs/Compat.ini" 181
"../../../Engine/Config/BaseLightmass.ini" 182
"C:/Users/fusio/Desktop/Orcon/Saved/Config/Windows/Lightmass.ini" 183
"C:/Users/fusio/Desktop/Orcon/Intermediate/Config/CoalescedSourceConfigs/Lightmass.ini" 184
"../../../Engine/Config/BaseScalability.ini" 185
"C:/Users/fusio/Desktop/Orcon/Saved/Config/Windows/Scalability.ini" 186
"C:/Users/fusio/Desktop/Orcon/Intermediate/Config/CoalescedSourceConfigs/Scalability.ini" 187
"../../../Engine/Config/BaseHardware.ini" 188
"C:/Users/fusio/Desktop/Orcon/Saved/Config/Windows/Hardware.ini" 189
"C:/Users/fusio/Desktop/Orcon/Intermediate/Config/CoalescedSourceConfigs/Hardware.ini" 190
"C:/Users/fusio/Desktop/Orcon/Saved/Config/Windows/GameUserSettings.ini" 191
"C:/Users/fusio/Desktop/Orcon/Intermediate/Config/CoalescedSourceConfigs/GameUserSettings.ini" 192
"../../../Engine/Plugins/2D/Paper2D/Config/BasePaper2D.ini" 193
"C:/Users/fusio/Desktop/Orcon/Saved/Config/Windows/Paper2D.ini" 194
"C:/Users/fusio/Desktop/Orcon/Intermediate/Config/CoalescedSourceConfigs/Paper2D.ini" 195
"C:/Users/fusio/Desktop/Orcon/Intermediate/Config/CoalescedSourceConfigs/LightPropagationVolume.ini" 196
"C:/Users/fusio/Desktop/Orcon/Intermediate/Config/CoalescedSourceConfigs/CodeLiteSourceCodeAccess.ini" 197
"C:/Users/fusio/Desktop/Orcon/Intermediate/Config/CoalescedSourceConfigs/GitSourceControl.ini" 198
"C:/Users/fusio/Desktop/Orcon/Intermediate/Config/CoalescedSourceConfigs/KDevelopSourceCodeAccess.ini" 199
"C:/Users/fusio/Desktop/Orcon/Intermediate/Config/CoalescedSourceConfigs/NullSourceCodeAccess.ini" 200
"C:/Users/fusio/Desktop/Orcon/Intermediate/Config/CoalescedSourceConfigs/PerforceSourceControl.ini" 201
"C:/Users/fusio/Desktop/Orcon/Intermediate/Config/CoalescedSourceConfigs/SubversionSourceControl.ini" 202
"C:/Users/fusio/Desktop/Orcon/Intermediate/Config/CoalescedSourceConfigs/UObjectPlugin.ini" 203
"C:/Users/fusio/Desktop/Orcon/Intermediate/Config/CoalescedSourceConfigs/VisualStudioSourceCodeAccess.ini" 204
"C:/Users/fusio/Desktop/Orcon/Intermediate/Config/CoalescedSourceConfigs/XCodeSourceCodeAccess.ini" 205
"C:/Users/fusio/Desktop/Orcon/Intermediate/Config/CoalescedSourceConfigs/AssetManagerEditor.ini" 206
"C:/Users/fusio/Desktop/Orcon/Intermediate/Config/CoalescedSourceConfigs/AudioCapture.ini" 207
"C:/Users/fusio/Desktop/Orcon/Intermediate/Config/CoalescedSourceConfigs/FacialAnimation.ini" 208
"C:/Users/fusio/Desktop/Orcon/Intermediate/Config/CoalescedSourceConfigs/GameplayTagsEditor.ini" 209
"C:/Users/fusio/Desktop/Orcon/Intermediate/Config/CoalescedSourceConfigs/MobileLauncherProfileWizard.ini" 210
"C:/Users/fusio/Desktop/Orcon/Intermediate/Config/CoalescedSourceConfigs/PluginBrowser.ini" 211
"C:/Users/fusio/Desktop/Orcon/Intermediate/Config/CoalescedSourceConfigs/SpeedTreeImporter.ini" 212
"C:/Users/fusio/Desktop/Orcon/Intermediate/Config/CoalescedSourceConfigs/AlembicImporter.ini" 213
"C:/Users/fusio/Desktop/Orcon/Intermediate/Config/CoalescedSourceConfigs/CharacterAI.ini" 214
"C:/Users/fusio/Desktop/Orcon/Intermediate/Config/CoalescedSourceConfigs/HTML5Networking.ini" 215
"C:/Users/fusio/Desktop/Orcon/Intermediate/Config/CoalescedSourceConfigs/AndroidMedia.ini" 216
"C:/Users/fusio/Desktop/Orcon/Intermediate/Config/CoalescedSourceConfigs/AvfMedia.ini" 217
"C:/Users/fusio/Desktop/Orcon/Intermediate/Config/CoalescedSourceConfigs/MediaPlayerEditor.ini" 218
"C:/Users/fusio/Desktop/Orcon/Intermediate/Config/CoalescedSourceConfigs/WmfMedia.ini" 219
"C:/Users/fusio/Desktop/Orcon/Intermediate/Config/CoalescedSourceConfigs/TcpMessaging.ini" 220
"C:/Users/fusio/Desktop/Orcon/Intermediate/Config/CoalescedSourceConfigs/UdpMessaging.ini" 221
"C:/Users/fusio/Desktop/Orcon/Intermediate/Config/CoalescedSourceConfigs/LevelSequenceEditor.ini" 222
"C:/Users/fusio/Desktop/Orcon/Intermediate/Config/CoalescedSourceConfigs/MatineeToLevelSequence.ini" 223
"C:/Users/fusio/Desktop/Orcon/Intermediate/Config/CoalescedSourceConfigs/OnlineSubsystemGooglePlay.ini" 224
"C:/Users/fusio/Desktop/Orcon/Intermediate/Config/CoalescedSourceConfigs/OnlineSubsystemIOS.ini" 225
"C:/Users/fusio/Desktop/Orcon/Intermediate/Config/CoalescedSourceConfigs/OnlineSubsystem.ini" 226
"C:/Users/fusio/Desktop/Orcon/Intermediate/Config/CoalescedSourceConfigs/OnlineSubsystemNull.ini" 227
"C:/Users/fusio/Desktop/Orcon/Intermediate/Config/CoalescedSourceConfigs/OnlineSubsystemUtils.ini" 228
"C:/Users/fusio/Desktop/Orcon/Intermediate/Config/CoalescedSourceConfigs/AndroidDeviceProfileSelector.ini" 229
"C:/Users/fusio/Desktop/Orcon/Intermediate/Config/CoalescedSourceConfigs/AndroidMoviePlayer.ini" 230
"C:/Users/fusio/Desktop/Orcon/Intermediate/Config/CoalescedSourceConfigs/AndroidPermission.ini" 231
"C:/Users/fusio/Desktop/Orcon/Intermediate/Config/CoalescedSourceConfigs/AppleMoviePlayer.ini" 232
"C:/Users/fusio/Desktop/Orcon/Intermediate/Config/CoalescedSourceConfigs/ArchVisCharacter.ini" 233
"C:/Users/fusio/Desktop/Orcon/Intermediate/Config/CoalescedSourceConfigs/CableComponent.ini" 234
"C:/Users/fusio/Desktop/Orcon/Intermediate/Config/CoalescedSourceConfigs/CustomMeshComponent.ini" 235
"C:/Users/fusio/Desktop/Orcon/Intermediate/Config/CoalescedSourceConfigs/ExampleDeviceProfileSelector.ini" 236
"C:/Users/fusio/Desktop/Orcon/Intermediate/Config/CoalescedSourceConfigs/GoogleCloudMessaging.ini" 237
"C:/Users/fusio/Desktop/Orcon/Intermediate/Config/CoalescedSourceConfigs/ImmediatePhysics.ini" 238
"C:/Users/fusio/Desktop/Orcon/Intermediate/Config/CoalescedSourceConfigs/IOSDeviceProfileSelector.ini" 239
"C:/Users/fusio/Desktop/Orcon/Intermediate/Config/CoalescedSourceConfigs/LinuxDeviceProfileSelector.ini" 240
"C:/Users/fusio/Desktop/Orcon/Intermediate/Config/CoalescedSourceConfigs/LocationServicesBPLibrary.ini" 241
"C:/Users/fusio/Desktop/Orcon/Intermediate/Config/CoalescedSourceConfigs/MobilePatchingUtils.ini" 242
"../../../Engine/Plugins/Runtime/Oculus/OculusVR/Config/BaseOculusVR.ini" 243
"C:/Users/fusio/Desktop/Orcon/Saved/Config/Windows/OculusVR.ini" 244
"C:/Users/fusio/Desktop/Orcon/Intermediate/Config/CoalescedSourceConfigs/OculusVR.ini" 245
"../../../Engine/Plugins/Runtime/PhysXVehicles/Config/BasePhysXVehicles.ini" 246
"C:/Users/fusio/Desktop/Orcon/Saved/Config/Windows/PhysXVehicles.ini" 247
"C:/Users/fusio/Desktop/Orcon/Intermediate/Config/CoalescedSourceConfigs/PhysXVehicles.ini" 248
"C:/Users/fusio/Desktop/Orcon/Intermediate/Config/CoalescedSourceConfigs/ProceduralMeshComponent.ini" 249
"C:/Users/fusio/Desktop/Orcon/Intermediate/Config/CoalescedSourceConfigs/RuntimePhysXCooking.ini" 250
"C:/Users/fusio/Desktop/Orcon/Intermediate/Config/CoalescedSourceConfigs/SteamVR.ini" 251
"C:/Users/fusio/Desktop/Orcon/Intermediate/Config/CoalescedSourceConfigs/WindowsMoviePlayer.ini" 252
"../../../Engine/Content/Certificates/ThirdParty/cacert.pem" 253
"../../../Engine/Config/BaseDeviceProfiles.ini" 254
"C:/Users/fusio/Desktop/Orcon/Saved/Config/Windows/DeviceProfiles.ini" 255
"C:/Users/fusio/Desktop/Orcon/Intermediate/Config/CoalescedSourceConfigs/DeviceProfiles.ini" 256
"../../../Engine/Config/ConsoleVariables.ini" 257
"..\..\..\Engine\Content\Internationalization\icudt53l\lang\ar.res" 258
"..\..\..\Engine\Content\Internationalization\icudt53l\lang\es.res" 259
"..\..\..\Engine\Content\Internationalization\icudt53l\lang\ja.res" 260
"..\..\..\Engine\Content\Internationalization\icudt53l\lang\ko.res" 261
"..\..\..\Engine\Content\Internationalization\icudt53l\lang\pt.res" 262
"..\..\..\Engine\Content\Internationalization\icudt53l\region\pt.res" 263
"..\..\..\Engine\Content\Internationalization\icudt53l\lang\zh_CN.res" 264
"..\..\..\Engine\Content\Internationalization\icudt53l\lang\zh_Hans_CN.res" 265
"..\..\..\Engine\Content\Internationalization\icudt53l\lang\zh_Hans.res" 266
"..\..\..\Engine\Content\Internationalization\icudt53l\lang\zh.res" 267
"..\..\..\Engine\Content\Internationalization\icudt53l\region\zh_CN.res" 268
"..\..\..\Engine\Content\Internationalization\icudt53l\region\zh_Hans_CN.res" 269
"..\..\..\Engine\Content\Internationalization\icudt53l\region\zh_Hans.res" 270
"..\..\..\Engine\Content\Internationalization\icudt53l\region\zh.res" 271
"E:/Epic Games/UE_4.17/Engine/Content/Localization/Editor/en/Editor.locres" 272
"E:/Epic Games/UE_4.17/Engine/Content/Localization/EditorTutorials/en/EditorTutorials.locres" 273
"E:/Epic Games/UE_4.17/Engine/Content/Localization/Keywords/en/Keywords.locres" 274
"E:/Epic Games/UE_4.17/Engine/Content/Localization/Category/en/Category.locres" 275
"E:/Epic Games/UE_4.17/Engine/Content/Localization/ToolTips/en/ToolTips.locres" 276
"E:/Epic Games/UE_4.17/Engine/Content/Localization/PropertyNames/en/PropertyNames.locres" 277
"E:/Epic Games/UE_4.17/Engine/Content/Localization/Engine/en/Engine.locres" 278
"E:/Epic Games/UE_4.17/Engine/Plugins/Online/Android/OnlineSubsystemGooglePlay/Content/Localization/OnlineSubsystemGooglePlay/en/OnlineSubsystemGooglePlay.locres" 279
"E:/Epic Games/UE_4.17/Engine/Plugins/Online/IOS/OnlineSubsystemIOS/Content/Localization/OnlineSubsystemIOS/en/OnlineSubsystemIOS.locres" 280
"E:/Epic Games/UE_4.17/Engine/Plugins/Online/OnlineSubsystem/Content/Localization/OnlineSubsystem/en/OnlineSubsystem.locres" 281
"E:/Epic Games/UE_4.17/Engine/Plugins/Online/OnlineSubsystemUtils/Content/Localization/OnlineSubsystemUtils/en/OnlineSubsystemUtils.locres" 282
"..\..\..\Engine\Content\Internationalization\icudt53l\en_GB.res" 283
"..\..\..\Engine\Content\Internationalization\icudt53l\en_001.res" 284
"..\..\..\Engine\Content\Internationalization\icudt53l\numberingSystems.res" 285
"..\..\..\Engine\Content\Internationalization\icudt53l\curr\supplementalData.res" 286
"..\..\..\Engine\Content\Internationalization\icudt53l\curr\pool.res" 287
"..\..\..\Engine\Content\Internationalization\icudt53l\curr\en_GB.res" 288
"..\..\..\Engine\Content\Internationalization\icudt53l\curr\en_001.res" 289
"..\..\..\Engine\Content\Internationalization\icudt53l\curr\en.res" 290
"..\..\..\Engine\Content\Internationalization\icudt53l\curr\root.res" 291
"..\..\..\Engine\Content\Internationalization\icudt53l\lang\af.res" 292
"..\..\..\Engine\Content\Internationalization\icudt53l\region\af.res" 293
"..\..\..\Engine\Content\Internationalization\icudt53l\lang\agq.res" 294
"..\..\..\Engine\Content\Internationalization\icudt53l\region\agq.res" 295
"..\..\..\Engine\Content\Internationalization\icudt53l\lang\ak.res" 296
"..\..\..\Engine\Content\Internationalization\icudt53l\region\ak.res" 297
"..\..\..\Engine\Content\Internationalization\icudt53l\lang\am.res" 298
"..\..\..\Engine\Content\Internationalization\icudt53l\region\am.res" 299
"..\..\..\Engine\Content\Internationalization\icudt53l\region\ar.res" 300
"..\..\..\Engine\Content\Internationalization\icudt53l\lang\ar_EG.res" 301
"..\..\..\Engine\Content\Internationalization\icudt53l\lang\ar_LB.res" 302
"..\..\..\Engine\Content\Internationalization\icudt53l\lang\as.res" 303
"..\..\..\Engine\Content\Internationalization\icudt53l\region\as.res" 304
"..\..\..\Engine\Content\Internationalization\icudt53l\lang\asa.res" 305
"..\..\..\Engine\Content\Internationalization\icudt53l\region\asa.res" 306
"..\..\..\Engine\Content\Internationalization\icudt53l\lang\az.res" 307
"..\..\..\Engine\Content\Internationalization\icudt53l\lang\az_Cyrl.res" 308
"..\..\..\Engine\Content\Internationalization\icudt53l\lang\az_AZ.res" 309
"..\..\..\Engine\Content\Internationalization\icudt53l\lang\az_Latn_AZ.res" 310
"..\..\..\Engine\Content\Internationalization\icudt53l\lang\az_Latn.res" 311
"..\..\..\Engine\Content\Internationalization\icudt53l\region\az_AZ.res" 312
"..\..\..\Engine\Content\Internationalization\icudt53l\region\az_Latn_AZ.res" 313
"..\..\..\Engine\Content\Internationalization\icudt53l\region\az_Latn.res" 314
"..\..\..\Engine\Content\Internationalization\icudt53l\region\az.res" 315
"..\..\..\Engine\Content\Internationalization\icudt53l\region\az_Cyrl.res" 316
"..\..\..\Engine\Content\Internationalization\icudt53l\lang\bas.res" 317
"..\..\..\Engine\Content\Internationalization\icudt53l\region\bas.res" 318
"..\..\..\Engine\Content\Internationalization\icudt53l\lang\be.res" 319
"..\..\..\Engine\Content\Internationalization\icudt53l\region\be.res" 320
"..\..\..\Engine\Content\Internationalization\icudt53l\lang\bem.res" 321
"..\..\..\Engine\Content\Internationalization\icudt53l\region\bem.res" 322
"..\..\..\Engine\Content\Internationalization\icudt53l\lang\bez.res" 323
"..\..\..\Engine\Content\Internationalization\icudt53l\region\bez.res" 324
"..\..\..\Engine\Content\Internationalization\icudt53l\lang\bg.res" 325
"..\..\..\Engine\Content\Internationalization\icudt53l\region\bg.res" 326
"..\..\..\Engine\Content\Internationalization\icudt53l\lang\bm.res" 327
"..\..\..\Engine\Content\Internationalization\icudt53l\region\bm.res" 328
"..\..\..\Engine\Content\Internationalization\icudt53l\lang\bn.res" 329
"..\..\..\Engine\Content\Internationalization\icudt53l\region\bn.res" 330
"..\..\..\Engine\Content\Internationalization\icudt53l\lang\bn_IN.res" 331
"..\..\..\Engine\Content\Internationalization\icudt53l\region\bn_IN.res" 332
"..\..\..\Engine\Content\Internationalization\icudt53l\lang\bo.res" 333
"..\..\..\Engine\Content\Internationalization\icudt53l\region\bo.res" 334
"..\..\..\Engine\Content\Internationalization\icudt53l\region\bo_IN.res" 335
"..\..\..\Engine\Content\Internationalization\icudt53l\lang\br.res" 336
"..\..\..\Engine\Content\Internationalization\icudt53l\region\br.res" 337
"..\..\..\Engine\Content\Internationalization\icudt53l\lang\brx.res" 338
"..\..\..\Engine\Content\Internationalization\icudt53l\region\brx.res" 339
"..\..\..\Engine\Content\Internationalization\icudt53l\lang\bs.res" 340
"..\..\..\Engine\Content\Internationalization\icudt53l\lang\bs_Cyrl.res" 341
"..\..\..\Engine\Content\Internationalization\icudt53l\lang\bs_BA.res" 342
"..\..\..\Engine\Content\Internationalization\icudt53l\lang\bs_Latn_BA.res" 343
"..\..\..\Engine\Content\Internationalization\icudt53l\lang\bs_Latn.res" 344
"..\..\..\Engine\Content\Internationalization\icudt53l\region\bs_BA.res" 345
"..\..\..\Engine\Content\Internationalization\icudt53l\region\bs_Latn_BA.res" 346
"..\..\..\Engine\Content\Internationalization\icudt53l\region\bs_Latn.res" 347
"..\..\..\Engine\Content\Internationalization\icudt53l\region\bs.res" 348
"..\..\..\Engine\Content\Internationalization\icudt53l\region\bs_Cyrl.res" 349
"..\..\..\Engine\Content\Internationalization\icudt53l\lang\ca.res" 350
"..\..\..\Engine\Content\Internationalization\icudt53l\region\ca.res" 351
"..\..\..\Engine\Content\Internationalization\icudt53l\lang\cgg.res" 352
"..\..\..\Engine\Content\Internationalization\icudt53l\region\cgg.res" 353
"..\..\..\Engine\Content\Internationalization\icudt53l\lang\chr.res" 354
"..\..\..\Engine\Content\Internationalization\icudt53l\region\chr.res" 355
"..\..\..\Engine\Content\Internationalization\icudt53l\lang\cs.res" 356
"..\..\..\Engine\Content\Internationalization\icudt53l\region\cs.res" 357
"..\..\..\Engine\Content\Internationalization\icudt53l\lang\cy.res" 358
"..\..\..\Engine\Content\Internationalization\icudt53l\region\cy.res" 359
"..\..\..\Engine\Content\Internationalization\icudt53l\lang\da.res" 360
"..\..\..\Engine\Content\Internationalization\icudt53l\region\da.res" 361
"..\..\..\Engine\Content\Internationalization\icudt53l\lang\dav.res" 362
"..\..\..\Engine\Content\Internationalization\icudt53l\region\dav.res" 363
"..\..\..\Engine\Content\Internationalization\icudt53l\lang\de.res" 364
"..\..\..\Engine\Content\Internationalization\icudt53l\region\de.res" 365
"..\..\..\Engine\Content\Internationalization\icudt53l\lang\de_CH.res" 366
"..\..\..\Engine\Content\Internationalization\icudt53l\region\de_CH.res" 367
"..\..\..\Engine\Content\Internationalization\icudt53l\lang\dje.res" 368
"..\..\..\Engine\Content\Internationalization\icudt53l\region\dje.res" 369
"..\..\..\Engine\Content\Internationalization\icudt53l\lang\dua.res" 370
"..\..\..\Engine\Content\Internationalization\icudt53l\region\dua.res" 371
"..\..\..\Engine\Content\Internationalization\icudt53l\lang\dyo.res" 372
"..\..\..\Engine\Content\Internationalization\icudt53l\region\dyo.res" 373
"..\..\..\Engine\Content\Internationalization\icudt53l\lang\dz.res" 374
"..\..\..\Engine\Content\Internationalization\icudt53l\region\dz.res" 375
"..\..\..\Engine\Content\Internationalization\icudt53l\lang\ebu.res" 376
"..\..\..\Engine\Content\Internationalization\icudt53l\region\ebu.res" 377
"..\..\..\Engine\Content\Internationalization\icudt53l\lang\ee.res" 378
"..\..\..\Engine\Content\Internationalization\icudt53l\region\ee.res" 379
"..\..\..\Engine\Content\Internationalization\icudt53l\lang\el.res" 380
"..\..\..\Engine\Content\Internationalization\icudt53l\region\el.res" 381
"..\..\..\Engine\Content\Internationalization\icudt53l\lang\en_150.res" 382
"..\..\..\Engine\Content\Internationalization\icudt53l\region\en_150.res" 383
"..\..\..\Engine\Content\Internationalization\icudt53l\lang\en_AG.res" 384
"..\..\..\Engine\Content\Internationalization\icudt53l\region\en_AG.res" 385
"..\..\..\Engine\Content\Internationalization\icudt53l\lang\en_AI.res" 386
"..\..\..\Engine\Content\Internationalization\icudt53l\region\en_AI.res" 387
"..\..\..\Engine\Content\Internationalization\icudt53l\lang\en_AU.res" 388
"..\..\..\Engine\Content\Internationalization\icudt53l\region\en_AU.res" 389
"..\..\..\Engine\Content\Internationalization\icudt53l\lang\en_BB.res" 390
"..\..\..\Engine\Content\Internationalization\icudt53l\region\en_BB.res" 391
"..\..\..\Engine\Content\Internationalization\icudt53l\lang\en_BE.res" 392
"..\..\..\Engine\Content\Internationalization\icudt53l\region\en_BE.res" 393
"..\..\..\Engine\Content\Internationalization\icudt53l\lang\en_BM.res" 394
"..\..\..\Engine\Content\Internationalization\icudt53l\region\en_BM.res" 395
"..\..\..\Engine\Content\Internationalization\icudt53l\lang\en_BS.res" 396
"..\..\..\Engine\Content\Internationalization\icudt53l\region\en_BS.res" 397
"..\..\..\Engine\Content\Internationalization\icudt53l\lang\en_BW.res" 398
"..\..\..\Engine\Content\Internationalization\icudt53l\region\en_BW.res" 399
"..\..\..\Engine\Content\Internationalization\icudt53l\lang\en_BZ.res" 400
"..\..\..\Engine\Content\Internationalization\icudt53l\region\en_BZ.res" 401
"..\..\..\Engine\Content\Internationalization\icudt53l\lang\en_CC.res" 402
"..\..\..\Engine\Content\Internationalization\icudt53l\region\en_CC.res" 403
"..\..\..\Engine\Content\Internationalization\icudt53l\lang\en_CK.res" 404
"..\..\..\Engine\Content\Internationalization\icudt53l\region\en_CK.res" 405
"..\..\..\Engine\Content\Internationalization\icudt53l\lang\en_CM.res" 406
"..\..\..\Engine\Content\Internationalization\icudt53l\region\en_CM.res" 407
"..\..\..\Engine\Content\Internationalization\icudt53l\lang\en_CX.res" 408
"..\..\..\Engine\Content\Internationalization\icudt53l\region\en_CX.res" 409
"..\..\..\Engine\Content\Internationalization\icudt53l\lang\en_DG.res" 410
"..\..\..\Engine\Content\Internationalization\icudt53l\region\en_DG.res" 411
"..\..\..\Engine\Content\Internationalization\icudt53l\lang\en_DM.res" 412
"..\..\..\Engine\Content\Internationalization\icudt53l\region\en_DM.res" 413
"..\..\..\Engine\Content\Internationalization\icudt53l\lang\en_ER.res" 414
"..\..\..\Engine\Content\Internationalization\icudt53l\region\en_ER.res" 415
"..\..\..\Engine\Content\Internationalization\icudt53l\lang\en_FJ.res" 416
"..\..\..\Engine\Content\Internationalization\icudt53l\region\en_FJ.res" 417
"..\..\..\Engine\Content\Internationalization\icudt53l\lang\en_FK.res" 418
"..\..\..\Engine\Content\Internationalization\icudt53l\region\en_FK.res" 419
"..\..\..\Engine\Content\Internationalization\icudt53l\lang\en_FM.res" 420
"..\..\..\Engine\Content\Internationalization\icudt53l\region\en_FM.res" 421
"..\..\..\Engine\Content\Internationalization\icudt53l\lang\en_GD.res" 422
"..\..\..\Engine\Content\Internationalization\icudt53l\region\en_GD.res" 423
"..\..\..\Engine\Content\Internationalization\icudt53l\lang\en_GG.res" 424
"..\..\..\Engine\Content\Internationalization\icudt53l\region\en_GG.res" 425
"..\..\..\Engine\Content\Internationalization\icudt53l\lang\en_GH.res" 426
"..\..\..\Engine\Content\Internationalization\icudt53l\region\en_GH.res" 427
"..\..\..\Engine\Content\Internationalization\icudt53l\lang\en_GI.res" 428
"..\..\..\Engine\Content\Internationalization\icudt53l\region\en_GI.res" 429
"..\..\..\Engine\Content\Internationalization\icudt53l\lang\en_GM.res" 430
"..\..\..\Engine\Content\Internationalization\icudt53l\region\en_GM.res" 431
"..\..\..\Engine\Content\Internationalization\icudt53l\lang\en_GY.res" 432
"..\..\..\Engine\Content\Internationalization\icudt53l\region\en_GY.res" 433
"..\..\..\Engine\Content\Internationalization\icudt53l\lang\en_HK.res" 434
"..\..\..\Engine\Content\Internationalization\icudt53l\region\en_HK.res" 435
"..\..\..\Engine\Content\Internationalization\icudt53l\lang\en_IE.res" 436
"..\..\..\Engine\Content\Internationalization\icudt53l\region\en_IE.res" 437
"..\..\..\Engine\Content\Internationalization\icudt53l\lang\en_IM.res" 438
"..\..\..\Engine\Content\Internationalization\icudt53l\region\en_IM.res" 439
"..\..\..\Engine\Content\Internationalization\icudt53l\lang\en_IN.res" 440
"..\..\..\Engine\Content\Internationalization\icudt53l\region\en_IN.res" 441
"..\..\..\Engine\Content\Internationalization\icudt53l\lang\en_IO.res" 442
"..\..\..\Engine\Content\Internationalization\icudt53l\region\en_IO.res" 443
"..\..\..\Engine\Content\Internationalization\icudt53l\lang\en_JE.res" 444
"..\..\..\Engine\Content\Internationalization\icudt53l\region\en_JE.res" 445
"..\..\..\Engine\Content\Internationalization\icudt53l\lang\en_JM.res" 446
"..\..\..\Engine\Content\Internationalization\icudt53l\region\en_JM.res" 447
"..\..\..\Engine\Content\Internationalization\icudt53l\lang\en_KE.res" 448
"..\..\..\Engine\Content\Internationalization\icudt53l\region\en_KE.res" 449
"..\..\..\Engine\Content\Internationalization\icudt53l\lang\en_KI.res" 450
"..\..\..\Engine\Content\Internationalization\icudt53l\region\en_KI.res" 451
"..\..\..\Engine\Content\Internationalization\icudt53l\lang\en_KN.res" 452
"..\..\..\Engine\Content\Internationalization\icudt53l\region\en_KN.res" 453
"..\..\..\Engine\Content\Internationalization\icudt53l\lang\en_KY.res" 454
"..\..\..\Engine\Content\Internationalization\icudt53l\region\en_KY.res" 455
"..\..\..\Engine\Content\Internationalization\icudt53l\lang\en_LC.res" 456
"..\..\..\Engine\Content\Internationalization\icudt53l\region\en_LC.res" 457
"..\..\..\Engine\Content\Internationalization\icudt53l\lang\en_LR.res" 458
"..\..\..\Engine\Content\Internationalization\icudt53l\region\en_LR.res" 459
"..\..\..\Engine\Content\Internationalization\icudt53l\lang\en_LS.res" 460
"..\..\..\Engine\Content\Internationalization\icudt53l\region\en_LS.res" 461
"..\..\..\Engine\Content\Internationalization\icudt53l\lang\en_MG.res" 462
"..\..\..\Engine\Content\Internationalization\icudt53l\region\en_MG.res" 463
"..\..\..\Engine\Content\Internationalization\icudt53l\lang\en_MO.res" 464
"..\..\..\Engine\Content\Internationalization\icudt53l\region\en_MO.res" 465
"..\..\..\Engine\Content\Internationalization\icudt53l\lang\en_MS.res" 466
"..\..\..\Engine\Content\Internationalization\icudt53l\region\en_MS.res" 467
"..\..\..\Engine\Content\Internationalization\icudt53l\lang\en_MT.res" 468
"..\..\..\Engine\Content\Internationalization\icudt53l\region\en_MT.res" 469
"..\..\..\Engine\Content\Internationalization\icudt53l\lang\en_MU.res" 470
"..\..\..\Engine\Content\Internationalization\icudt53l\region\en_MU.res" 471
"..\..\..\Engine\Content\Internationalization\icudt53l\lang\en_MW.res" 472
"..\..\..\Engine\Content\Internationalization\icudt53l\region\en_MW.res" 473
"..\..\..\Engine\Content\Internationalization\icudt53l\lang\en_NA.res" 474
"..\..\..\Engine\Content\Internationalization\icudt53l\region\en_NA.res" 475
"..\..\..\Engine\Content\Internationalization\icudt53l\lang\en_NF.res" 476
"..\..\..\Engine\Content\Internationalization\icudt53l\region\en_NF.res" 477
"..\..\..\Engine\Content\Internationalization\icudt53l\lang\en_NG.res" 478
"..\..\..\Engine\Content\Internationalization\icudt53l\region\en_NG.res" 479
"..\..\..\Engine\Content\Internationalization\icudt53l\lang\en_NR.res" 480
"..\..\..\Engine\Content\Internationalization\icudt53l\region\en_NR.res" 481
"..\..\..\Engine\Content\Internationalization\icudt53l\lang\en_NU.res" 482
"..\..\..\Engine\Content\Internationalization\icudt53l\region\en_NU.res" 483
"..\..\..\Engine\Content\Internationalization\icudt53l\lang\en_NZ.res" 484
"..\..\..\Engine\Content\Internationalization\icudt53l\region\en_NZ.res" 485
"..\..\..\Engine\Content\Internationalization\icudt53l\lang\en_PG.res" 486
"..\..\..\Engine\Content\Internationalization\icudt53l\region\en_PG.res" 487
"..\..\..\Engine\Content\Internationalization\icudt53l\lang\en_PH.res" 488
"..\..\..\Engine\Content\Internationalization\icudt53l\region\en_PH.res" 489
"..\..\..\Engine\Content\Internationalization\icudt53l\lang\en_PK.res" 490
"..\..\..\Engine\Content\Internationalization\icudt53l\region\en_PK.res" 491
"..\..\..\Engine\Content\Internationalization\icudt53l\lang\en_PN.res" 492
"..\..\..\Engine\Content\Internationalization\icudt53l\region\en_PN.res" 493
"..\..\..\Engine\Content\Internationalization\icudt53l\lang\en_PW.res" 494
"..\..\..\Engine\Content\Internationalization\icudt53l\region\en_PW.res" 495
"..\..\..\Engine\Content\Internationalization\icudt53l\lang\en_RW.res" 496
"..\..\..\Engine\Content\Internationalization\icudt53l\region\en_RW.res" 497
"..\..\..\Engine\Content\Internationalization\icudt53l\lang\en_SB.res" 498
"..\..\..\Engine\Content\Internationalization\icudt53l\region\en_SB.res" 499
"..\..\..\Engine\Content\Internationalization\icudt53l\lang\en_SC.res" 500
"..\..\..\Engine\Content\Internationalization\icudt53l\region\en_SC.res" 501
"..\..\..\Engine\Content\Internationalization\icudt53l\lang\en_SD.res" 502
"..\..\..\Engine\Content\Internationalization\icudt53l\region\en_SD.res" 503
"..\..\..\Engine\Content\Internationalization\icudt53l\lang\en_SG.res" 504
"..\..\..\Engine\Content\Internationalization\icudt53l\region\en_SG.res" 505
"..\..\..\Engine\Content\Internationalization\icudt53l\lang\en_SH.res" 506
"..\..\..\Engine\Content\Internationalization\icudt53l\region\en_SH.res" 507
"..\..\..\Engine\Content\Internationalization\icudt53l\lang\en_SL.res" 508
"..\..\..\Engine\Content\Internationalization\icudt53l\region\en_SL.res" 509
"..\..\..\Engine\Content\Internationalization\icudt53l\lang\en_SS.res" 510
"..\..\..\Engine\Content\Internationalization\icudt53l\region\en_SS.res" 511
"..\..\..\Engine\Content\Internationalization\icudt53l\lang\en_SX.res" 512
"..\..\..\Engine\Content\Internationalization\icudt53l\region\en_SX.res" 513
"..\..\..\Engine\Content\Internationalization\icudt53l\lang\en_SZ.res" 514
"..\..\..\Engine\Content\Internationalization\icudt53l\region\en_SZ.res" 515
"..\..\..\Engine\Content\Internationalization\icudt53l\lang\en_TC.res" 516
"..\..\..\Engine\Content\Internationalization\icudt53l\region\en_TC.res" 517
"..\..\..\Engine\Content\Internationalization\icudt53l\lang\en_TK.res" 518
"..\..\..\Engine\Content\Internationalization\icudt53l\region\en_TK.res" 519
"..\..\..\Engine\Content\Internationalization\icudt53l\lang\en_TO.res" 520
"..\..\..\Engine\Content\Internationalization\icudt53l\region\en_TO.res" 521
"..\..\..\Engine\Content\Internationalization\icudt53l\lang\en_TT.res" 522
"..\..\..\Engine\Content\Internationalization\icudt53l\region\en_TT.res" 523
"..\..\..\Engine\Content\Internationalization\icudt53l\lang\en_TV.res" 524
"..\..\..\Engine\Content\Internationalization\icudt53l\region\en_TV.res" 525
"..\..\..\Engine\Content\Internationalization\icudt53l\lang\en_TZ.res" 526
"..\..\..\Engine\Content\Internationalization\icudt53l\region\en_TZ.res" 527
"..\..\..\Engine\Content\Internationalization\icudt53l\lang\en_UG.res" 528
"..\..\..\Engine\Content\Internationalization\icudt53l\region\en_UG.res" 529
"..\..\..\Engine\Content\Internationalization\icudt53l\lang\en_VC.res" 530
"..\..\..\Engine\Content\Internationalization\icudt53l\region\en_VC.res" 531
"..\..\..\Engine\Content\Internationalization\icudt53l\lang\en_VG.res" 532
"..\..\..\Engine\Content\Internationalization\icudt53l\region\en_VG.res" 533
"..\..\..\Engine\Content\Internationalization\icudt53l\lang\en_VU.res" 534
"..\..\..\Engine\Content\Internationalization\icudt53l\region\en_VU.res" 535
"..\..\..\Engine\Content\Internationalization\icudt53l\lang\en_WS.res" 536
"..\..\..\Engine\Content\Internationalization\icudt53l\region\en_WS.res" 537
"..\..\..\Engine\Content\Internationalization\icudt53l\lang\en_ZA.res" 538
"..\..\..\Engine\Content\Internationalization\icudt53l\region\en_ZA.res" 539
"..\..\..\Engine\Content\Internationalization\icudt53l\lang\en_ZM.res" 540
"..\..\..\Engine\Content\Internationalization\icudt53l\region\en_ZM.res" 541
"..\..\..\Engine\Content\Internationalization\icudt53l\lang\en_ZW.res" 542
"..\..\..\Engine\Content\Internationalization\icudt53l\region\en_ZW.res" 543
"..\..\..\Engine\Content\Internationalization\icudt53l\lang\eo.res" 544
"..\..\..\Engine\Content\Internationalization\icudt53l\lang\es_419.res" 545
"..\..\..\Engine\Content\Internationalization\icudt53l\region\es.res" 546
"..\..\..\Engine\Content\Internationalization\icudt53l\lang\es_AR.res" 547
"..\..\..\Engine\Content\Internationalization\icudt53l\region\es_AR.res" 548
"..\..\..\Engine\Content\Internationalization\icudt53l\lang\es_BO.res" 549
"..\..\..\Engine\Content\Internationalization\icudt53l\region\es_BO.res" 550
"..\..\..\Engine\Content\Internationalization\icudt53l\lang\es_CL.res" 551
"..\..\..\Engine\Content\Internationalization\icudt53l\region\es_CL.res" 552
"..\..\..\Engine\Content\Internationalization\icudt53l\lang\es_CO.res" 553
"..\..\..\Engine\Content\Internationalization\icudt53l\region\es_CO.res" 554
"..\..\..\Engine\Content\Internationalization\icudt53l\lang\es_CR.res" 555
"..\..\..\Engine\Content\Internationalization\icudt53l\region\es_CR.res" 556
"..\..\..\Engine\Content\Internationalization\icudt53l\lang\es_CU.res" 557
"..\..\..\Engine\Content\Internationalization\icudt53l\region\es_CU.res" 558
"..\..\..\Engine\Content\Internationalization\icudt53l\lang\es_DO.res" 559
"..\..\..\Engine\Content\Internationalization\icudt53l\region\es_DO.res" 560
"..\..\..\Engine\Content\Internationalization\icudt53l\lang\es_EC.res" 561
"..\..\..\Engine\Content\Internationalization\icudt53l\region\es_EC.res" 562
"..\..\..\Engine\Content\Internationalization\icudt53l\lang\es_GT.res" 563
"..\..\..\Engine\Content\Internationalization\icudt53l\region\es_GT.res" 564
"..\..\..\Engine\Content\Internationalization\icudt53l\lang\es_HN.res" 565
"..\..\..\Engine\Content\Internationalization\icudt53l\region\es_HN.res" 566
"..\..\..\Engine\Content\Internationalization\icudt53l\lang\es_MX.res" 567
"..\..\..\Engine\Content\Internationalization\icudt53l\region\es_MX.res" 568
"..\..\..\Engine\Content\Internationalization\icudt53l\lang\es_NI.res" 569
"..\..\..\Engine\Content\Internationalization\icudt53l\region\es_NI.res" 570
"..\..\..\Engine\Content\Internationalization\icudt53l\lang\es_PA.res" 571
"..\..\..\Engine\Content\Internationalization\icudt53l\region\es_PA.res" 572
"..\..\..\Engine\Content\Internationalization\icudt53l\lang\es_PE.res" 573
"..\..\..\Engine\Content\Internationalization\icudt53l\region\es_PE.res" 574
"..\..\..\Engine\Content\Internationalization\icudt53l\lang\es_PR.res" 575
"..\..\..\Engine\Content\Internationalization\icudt53l\region\es_PR.res" 576
"..\..\..\Engine\Content\Internationalization\icudt53l\lang\es_PY.res" 577
"..\..\..\Engine\Content\Internationalization\icudt53l\region\es_PY.res" 578
"..\..\..\Engine\Content\Internationalization\icudt53l\lang\es_SV.res" 579
"..\..\..\Engine\Content\Internationalization\icudt53l\region\es_SV.res" 580
"..\..\..\Engine\Content\Internationalization\icudt53l\lang\es_US.res" 581
"..\..\..\Engine\Content\Internationalization\icudt53l\region\es_US.res" 582
"..\..\..\Engine\Content\Internationalization\icudt53l\lang\es_UY.res" 583
"..\..\..\Engine\Content\Internationalization\icudt53l\region\es_UY.res" 584
"..\..\..\Engine\Content\Internationalization\icudt53l\lang\es_VE.res" 585
"..\..\..\Engine\Content\Internationalization\icudt53l\region\es_VE.res" 586
"..\..\..\Engine\Content\Internationalization\icudt53l\lang\et.res" 587
"..\..\..\Engine\Content\Internationalization\icudt53l\region\et.res" 588
"..\..\..\Engine\Content\Internationalization\icudt53l\lang\eu.res" 589
"..\..\..\Engine\Content\Internationalization\icudt53l\region\eu.res" 590
"..\..\..\Engine\Content\Internationalization\icudt53l\lang\ewo.res" 591
"..\..\..\Engine\Content\Internationalization\icudt53l\region\ewo.res" 592
"..\..\..\Engine\Content\Internationalization\icudt53l\lang\fa.res" 593
"..\..\..\Engine\Content\Internationalization\icudt53l\lang\fa_AF.res" 594
"..\..\..\Engine\Content\Internationalization\icudt53l\region\fa_AF.res" 595
"..\..\..\Engine\Content\Internationalization\icudt53l\region\fa.res" 596
"..\..\..\Engine\Content\Internationalization\icudt53l\lang\ff.res" 597
"..\..\..\Engine\Content\Internationalization\icudt53l\region\ff.res" 598
"..\..\..\Engine\Content\Internationalization\icudt53l\lang\fi.res" 599
"..\..\..\Engine\Content\Internationalization\icudt53l\region\fi.res" 600
"..\..\..\Engine\Content\Internationalization\icudt53l\lang\fil.res" 601
"..\..\..\Engine\Content\Internationalization\icudt53l\lang\fil_PH.res" 602
"..\..\..\Engine\Content\Internationalization\icudt53l\region\fil_PH.res" 603
"..\..\..\Engine\Content\Internationalization\icudt53l\region\fil.res" 604
"..\..\..\Engine\Content\Internationalization\icudt53l\lang\fo.res" 605
"..\..\..\Engine\Content\Internationalization\icudt53l\region\fo.res" 606
"..\..\..\Engine\Content\Internationalization\icudt53l\lang\fr.res" 607
"..\..\..\Engine\Content\Internationalization\icudt53l\region\fr.res" 608
"..\..\..\Engine\Content\Internationalization\icudt53l\lang\fr_CA.res" 609
"..\..\..\Engine\Content\Internationalization\icudt53l\region\fr_CA.res" 610
"..\..\..\Engine\Content\Internationalization\icudt53l\lang\ga.res" 611
"..\..\..\Engine\Content\Internationalization\icudt53l\region\ga.res" 612
"..\..\..\Engine\Content\Internationalization\icudt53l\lang\gl.res" 613
"..\..\..\Engine\Content\Internationalization\icudt53l\region\gl.res" 614
"..\..\..\Engine\Content\Internationalization\icudt53l\lang\gsw.res" 615
"..\..\..\Engine\Content\Internationalization\icudt53l\region\gsw.res" 616
"..\..\..\Engine\Content\Internationalization\icudt53l\lang\gu.res" 617
"..\..\..\Engine\Content\Internationalization\icudt53l\region\gu.res" 618
"..\..\..\Engine\Content\Internationalization\icudt53l\lang\guz.res" 619
"..\..\..\Engine\Content\Internationalization\icudt53l\region\guz.res" 620
"..\..\..\Engine\Content\Internationalization\icudt53l\lang\gv.res" 621
"..\..\..\Engine\Content\Internationalization\icudt53l\region\gv.res" 622
"..\..\..\Engine\Content\Internationalization\icudt53l\lang\ha.res" 623
"..\..\..\Engine\Content\Internationalization\icudt53l\lang\ha_Latn.res" 624
"..\..\..\Engine\Content\Internationalization\icudt53l\lang\ha_GH.res" 625
"..\..\..\Engine\Content\Internationalization\icudt53l\lang\ha_Latn_GH.res" 626
"..\..\..\Engine\Content\Internationalization\icudt53l\region\ha_GH.res" 627
"..\..\..\Engine\Content\Internationalization\icudt53l\region\ha_Latn_GH.res" 628
"..\..\..\Engine\Content\Internationalization\icudt53l\region\ha_Latn.res" 629
"..\..\..\Engine\Content\Internationalization\icudt53l\region\ha.res" 630
"..\..\..\Engine\Content\Internationalization\icudt53l\lang\ha_NE.res" 631
"..\..\..\Engine\Content\Internationalization\icudt53l\lang\ha_Latn_NE.res" 632
"..\..\..\Engine\Content\Internationalization\icudt53l\region\ha_NE.res" 633
"..\..\..\Engine\Content\Internationalization\icudt53l\region\ha_Latn_NE.res" 634
"..\..\..\Engine\Content\Internationalization\icudt53l\lang\ha_NG.res" 635
"..\..\..\Engine\Content\Internationalization\icudt53l\lang\ha_Latn_NG.res" 636
"..\..\..\Engine\Content\Internationalization\icudt53l\region\ha_NG.res" 637
"..\..\..\Engine\Content\Internationalization\icudt53l\region\ha_Latn_NG.res" 638
"..\..\..\Engine\Content\Internationalization\icudt53l\lang\haw.res" 639
"..\..\..\Engine\Content\Internationalization\icudt53l\region\haw.res" 640
"..\..\..\Engine\Content\Internationalization\icudt53l\lang\he.res" 641
"..\..\..\Engine\Content\Internationalization\icudt53l\lang\he_IL.res" 642
"..\..\..\Engine\Content\Internationalization\icudt53l\region\he_IL.res" 643
"..\..\..\Engine\Content\Internationalization\icudt53l\region\he.res" 644
"..\..\..\Engine\Content\Internationalization\icudt53l\lang\hi.res" 645
"..\..\..\Engine\Content\Internationalization\icudt53l\region\hi.res" 646
"..\..\..\Engine\Content\Internationalization\icudt53l\lang\hr.res" 647
"..\..\..\Engine\Content\Internationalization\icudt53l\region\hr.res" 648
"..\..\..\Engine\Content\Internationalization\icudt53l\lang\hu.res" 649
"..\..\..\Engine\Content\Internationalization\icudt53l\region\hu.res" 650
"..\..\..\Engine\Content\Internationalization\icudt53l\lang\hy.res" 651
"..\..\..\Engine\Content\Internationalization\icudt53l\region\hy.res" 652
"..\..\..\Engine\Content\Internationalization\icudt53l\lang\id.res" 653
"..\..\..\Engine\Content\Internationalization\icudt53l\lang\id_ID.res" 654
"..\..\..\Engine\Content\Internationalization\icudt53l\region\id_ID.res" 655
"..\..\..\Engine\Content\Internationalization\icudt53l\region\id.res" 656
"..\..\..\Engine\Content\Internationalization\icudt53l\lang\ig.res" 657
"..\..\..\Engine\Content\Internationalization\icudt53l\region\ig.res" 658
"..\..\..\Engine\Content\Internationalization\icudt53l\lang\ii.res" 659
"..\..\..\Engine\Content\Internationalization\icudt53l\region\ii.res" 660
"..\..\..\Engine\Content\Internationalization\icudt53l\lang\is.res" 661
"..\..\..\Engine\Content\Internationalization\icudt53l\region\is.res" 662
"..\..\..\Engine\Content\Internationalization\icudt53l\lang\it.res" 663
"..\..\..\Engine\Content\Internationalization\icudt53l\region\it.res" 664
"..\..\..\Engine\Content\Internationalization\icudt53l\lang\ja_JP.res" 665
"..\..\..\Engine\Content\Internationalization\icudt53l\region\ja_JP.res" 666
"..\..\..\Engine\Content\Internationalization\icudt53l\region\ja.res" 667
"..\..\..\Engine\Content\Internationalization\icudt53l\lang\jgo.res" 668
"..\..\..\Engine\Content\Internationalization\icudt53l\region\jgo.res" 669
"..\..\..\Engine\Content\Internationalization\icudt53l\lang\jmc.res" 670
"..\..\..\Engine\Content\Internationalization\icudt53l\region\jmc.res" 671
"..\..\..\Engine\Content\Internationalization\icudt53l\lang\ka.res" 672
"..\..\..\Engine\Content\Internationalization\icudt53l\region\ka.res" 673
"..\..\..\Engine\Content\Internationalization\icudt53l\lang\kab.res" 674
"..\..\..\Engine\Content\Internationalization\icudt53l\region\kab.res" 675
"..\..\..\Engine\Content\Internationalization\icudt53l\lang\kam.res" 676
"..\..\..\Engine\Content\Internationalization\icudt53l\region\kam.res" 677
"..\..\..\Engine\Content\Internationalization\icudt53l\lang\kde.res" 678
"..\..\..\Engine\Content\Internationalization\icudt53l\region\kde.res" 679
"..\..\..\Engine\Content\Internationalization\icudt53l\lang\kea.res" 680
"..\..\..\Engine\Content\Internationalization\icudt53l\region\kea.res" 681
"..\..\..\Engine\Content\Internationalization\icudt53l\lang\khq.res" 682
"..\..\..\Engine\Content\Internationalization\icudt53l\region\khq.res" 683
"..\..\..\Engine\Content\Internationalization\icudt53l\lang\ki.res" 684
"..\..\..\Engine\Content\Internationalization\icudt53l\region\ki.res" 685
"..\..\..\Engine\Content\Internationalization\icudt53l\lang\kk.res" 686
"..\..\..\Engine\Content\Internationalization\icudt53l\lang\kk_Cyrl.res" 687
"..\..\..\Engine\Content\Internationalization\icudt53l\lang\kk_KZ.res" 688
"..\..\..\Engine\Content\Internationalization\icudt53l\lang\kk_Cyrl_KZ.res" 689
"..\..\..\Engine\Content\Internationalization\icudt53l\region\kk_KZ.res" 690
"..\..\..\Engine\Content\Internationalization\icudt53l\region\kk_Cyrl_KZ.res" 691
"..\..\..\Engine\Content\Internationalization\icudt53l\region\kk_Cyrl.res" 692
"..\..\..\Engine\Content\Internationalization\icudt53l\region\kk.res" 693
"..\..\..\Engine\Content\Internationalization\icudt53l\lang\kkj.res" 694
"..\..\..\Engine\Content\Internationalization\icudt53l\region\kkj.res" 695
"..\..\..\Engine\Content\Internationalization\icudt53l\lang\kl.res" 696
"..\..\..\Engine\Content\Internationalization\icudt53l\region\kl.res" 697
"..\..\..\Engine\Content\Internationalization\icudt53l\lang\kln.res" 698
"..\..\..\Engine\Content\Internationalization\icudt53l\region\kln.res" 699
"..\..\..\Engine\Content\Internationalization\icudt53l\lang\km.res" 700
"..\..\..\Engine\Content\Internationalization\icudt53l\region\km.res" 701
"..\..\..\Engine\Content\Internationalization\icudt53l\lang\kn.res" 702
"..\..\..\Engine\Content\Internationalization\icudt53l\region\kn.res" 703
"..\..\..\Engine\Content\Internationalization\icudt53l\region\ko.res" 704
"..\..\..\Engine\Content\Internationalization\icudt53l\lang\kok.res" 705
"..\..\..\Engine\Content\Internationalization\icudt53l\region\kok.res" 706
"..\..\..\Engine\Content\Internationalization\icudt53l\lang\ks.res" 707
"..\..\..\Engine\Content\Internationalization\icudt53l\lang\ks_Arab.res" 708
"..\..\..\Engine\Content\Internationalization\icudt53l\lang\ks_IN.res" 709
"..\..\..\Engine\Content\Internationalization\icudt53l\lang\ks_Arab_IN.res" 710
"..\..\..\Engine\Content\Internationalization\icudt53l\region\ks_IN.res" 711
"..\..\..\Engine\Content\Internationalization\icudt53l\region\ks_Arab_IN.res" 712
"..\..\..\Engine\Content\Internationalization\icudt53l\region\ks_Arab.res" 713
"..\..\..\Engine\Content\Internationalization\icudt53l\region\ks.res" 714
"..\..\..\Engine\Content\Internationalization\icudt53l\lang\ksb.res" 715
"..\..\..\Engine\Content\Internationalization\icudt53l\region\ksb.res" 716
"..\..\..\Engine\Content\Internationalization\icudt53l\lang\ksf.res" 717
"..\..\..\Engine\Content\Internationalization\icudt53l\region\ksf.res" 718
"..\..\..\Engine\Content\Internationalization\icudt53l\lang\kw.res" 719
"..\..\..\Engine\Content\Internationalization\icudt53l\region\kw.res" 720
"..\..\..\Engine\Content\Internationalization\icudt53l\lang\ky.res" 721
"..\..\..\Engine\Content\Internationalization\icudt53l\lang\ky_Cyrl.res" 722
"..\..\..\Engine\Content\Internationalization\icudt53l\lang\ky_KG.res" 723
"..\..\..\Engine\Content\Internationalization\icudt53l\lang\ky_Cyrl_KG.res" 724
"..\..\..\Engine\Content\Internationalization\icudt53l\region\ky_KG.res" 725
"..\..\..\Engine\Content\Internationalization\icudt53l\region\ky_Cyrl_KG.res" 726
"..\..\..\Engine\Content\Internationalization\icudt53l\region\ky_Cyrl.res" 727
"..\..\..\Engine\Content\Internationalization\icudt53l\region\ky.res" 728
"..\..\..\Engine\Content\Internationalization\icudt53l\lang\lag.res" 729
"..\..\..\Engine\Content\Internationalization\icudt53l\region\lag.res" 730
"..\..\..\Engine\Content\Internationalization\icudt53l\lang\leet.res" 731
"..\..\..\Engine\Content\Internationalization\icudt53l\lang\lg.res" 732
"..\..\..\Engine\Content\Internationalization\icudt53l\region\lg.res" 733
"..\..\..\Engine\Content\Internationalization\icudt53l\lang\lkt.res" 734
"..\..\..\Engine\Content\Internationalization\icudt53l\region\lkt.res" 735
"..\..\..\Engine\Content\Internationalization\icudt53l\lang\ln.res" 736
"..\..\..\Engine\Content\Internationalization\icudt53l\region\ln.res" 737
"..\..\..\Engine\Content\Internationalization\icudt53l\lang\lo.res" 738
"..\..\..\Engine\Content\Internationalization\icudt53l\region\lo.res" 739
"..\..\..\Engine\Content\Internationalization\icudt53l\lang\lt.res" 740
"..\..\..\Engine\Content\Internationalization\icudt53l\region\lt.res" 741
"..\..\..\Engine\Content\Internationalization\icudt53l\lang\lu.res" 742
"..\..\..\Engine\Content\Internationalization\icudt53l\region\lu.res" 743
"..\..\..\Engine\Content\Internationalization\icudt53l\lang\luo.res" 744
"..\..\..\Engine\Content\Internationalization\icudt53l\region\luo.res" 745
"..\..\..\Engine\Content\Internationalization\icudt53l\lang\luy.res" 746
"..\..\..\Engine\Content\Internationalization\icudt53l\region\luy.res" 747
"..\..\..\Engine\Content\Internationalization\icudt53l\lang\lv.res" 748
"..\..\..\Engine\Content\Internationalization\icudt53l\region\lv.res" 749
"..\..\..\Engine\Content\Internationalization\icudt53l\lang\mas.res" 750
"..\..\..\Engine\Content\Internationalization\icudt53l\region\mas.res" 751
"..\..\..\Engine\Content\Internationalization\icudt53l\lang\mer.res" 752
"..\..\..\Engine\Content\Internationalization\icudt53l\region\mer.res" 753
"..\..\..\Engine\Content\Internationalization\icudt53l\lang\mfe.res" 754
"..\..\..\Engine\Content\Internationalization\icudt53l\region\mfe.res" 755
"..\..\..\Engine\Content\Internationalization\icudt53l\lang\mg.res" 756
"..\..\..\Engine\Content\Internationalization\icudt53l\region\mg.res" 757
"..\..\..\Engine\Content\Internationalization\icudt53l\lang\mgh.res" 758
"..\..\..\Engine\Content\Internationalization\icudt53l\region\mgh.res" 759
"..\..\..\Engine\Content\Internationalization\icudt53l\lang\mgo.res" 760
"..\..\..\Engine\Content\Internationalization\icudt53l\region\mgo.res" 761
"..\..\..\Engine\Content\Internationalization\icudt53l\lang\mk.res" 762
"..\..\..\Engine\Content\Internationalization\icudt53l\region\mk.res" 763
"..\..\..\Engine\Content\Internationalization\icudt53l\lang\ml.res" 764
"..\..\..\Engine\Content\Internationalization\icudt53l\region\ml.res" 765
"..\..\..\Engine\Content\Internationalization\icudt53l\lang\mn.res" 766
"..\..\..\Engine\Content\Internationalization\icudt53l\lang\mn_Cyrl.res" 767
"..\..\..\Engine\Content\Internationalization\icudt53l\lang\mn_MN.res" 768
"..\..\..\Engine\Content\Internationalization\icudt53l\lang\mn_Cyrl_MN.res" 769
"..\..\..\Engine\Content\Internationalization\icudt53l\region\mn_MN.res" 770
"..\..\..\Engine\Content\Internationalization\icudt53l\region\mn_Cyrl_MN.res" 771
"..\..\..\Engine\Content\Internationalization\icudt53l\region\mn_Cyrl.res" 772
"..\..\..\Engine\Content\Internationalization\icudt53l\region\mn.res" 773
"..\..\..\Engine\Content\Internationalization\icudt53l\lang\mr.res" 774
"..\..\..\Engine\Content\Internationalization\icudt53l\region\mr.res" 775
"..\..\..\Engine\Content\Internationalization\icudt53l\lang\ms.res" 776
"..\..\..\Engine\Content\Internationalization\icudt53l\lang\ms_Latn.res" 777
"..\..\..\Engine\Content\Internationalization\icudt53l\lang\ms_BN.res" 778
"..\..\..\Engine\Content\Internationalization\icudt53l\lang\ms_Latn_BN.res" 779
"..\..\..\Engine\Content\Internationalization\icudt53l\region\ms_BN.res" 780
"..\..\..\Engine\Content\Internationalization\icudt53l\region\ms_Latn_BN.res" 781
"..\..\..\Engine\Content\Internationalization\icudt53l\region\ms_Latn.res" 782
"..\..\..\Engine\Content\Internationalization\icudt53l\region\ms.res" 783
"..\..\..\Engine\Content\Internationalization\icudt53l\lang\ms_MY.res" 784
"..\..\..\Engine\Content\Internationalization\icudt53l\lang\ms_Latn_MY.res" 785
"..\..\..\Engine\Content\Internationalization\icudt53l\region\ms_MY.res" 786
"..\..\..\Engine\Content\Internationalization\icudt53l\region\ms_Latn_MY.res" 787
"..\..\..\Engine\Content\Internationalization\icudt53l\lang\ms_SG.res" 788
"..\..\..\Engine\Content\Internationalization\icudt53l\lang\ms_Latn_SG.res" 789
"..\..\..\Engine\Content\Internationalization\icudt53l\region\ms_SG.res" 790
"..\..\..\Engine\Content\Internationalization\icudt53l\region\ms_Latn_SG.res" 791
"..\..\..\Engine\Content\Internationalization\icudt53l\lang\mt.res" 792
"..\..\..\Engine\Content\Internationalization\icudt53l\region\mt.res" 793
"..\..\..\Engine\Content\Internationalization\icudt53l\lang\mua.res" 794
"..\..\..\Engine\Content\Internationalization\icudt53l\region\mua.res" 795
"..\..\..\Engine\Content\Internationalization\icudt53l\lang\my.res" 796
"..\..\..\Engine\Content\Internationalization\icudt53l\region\my.res" 797
"..\..\..\Engine\Content\Internationalization\icudt53l\lang\naq.res" 798
"..\..\..\Engine\Content\Internationalization\icudt53l\region\naq.res" 799
"..\..\..\Engine\Content\Internationalization\icudt53l\lang\nb.res" 800
"..\..\..\Engine\Content\Internationalization\icudt53l\lang\nb_NO.res" 801
"..\..\..\Engine\Content\Internationalization\icudt53l\region\nb_NO.res" 802
"..\..\..\Engine\Content\Internationalization\icudt53l\region\nb.res" 803
"..\..\..\Engine\Content\Internationalization\icudt53l\lang\nd.res" 804
"..\..\..\Engine\Content\Internationalization\icudt53l\region\nd.res" 805
"..\..\..\Engine\Content\Internationalization\icudt53l\lang\ne.res" 806
"..\..\..\Engine\Content\Internationalization\icudt53l\region\ne.res" 807
"..\..\..\Engine\Content\Internationalization\icudt53l\lang\nl.res" 808
"..\..\..\Engine\Content\Internationalization\icudt53l\region\nl.res" 809
"..\..\..\Engine\Content\Internationalization\icudt53l\lang\nl_BE.res" 810
"..\..\..\Engine\Content\Internationalization\icudt53l\region\nl_BE.res" 811
"..\..\..\Engine\Content\Internationalization\icudt53l\lang\nmg.res" 812
"..\..\..\Engine\Content\Internationalization\icudt53l\region\nmg.res" 813
"..\..\..\Engine\Content\Internationalization\icudt53l\lang\nn.res" 814
"..\..\..\Engine\Content\Internationalization\icudt53l\lang\nn_NO.res" 815
"..\..\..\Engine\Content\Internationalization\icudt53l\region\nn_NO.res" 816
"..\..\..\Engine\Content\Internationalization\icudt53l\region\nn.res" 817
"..\..\..\Engine\Content\Internationalization\icudt53l\lang\nnh.res" 818
"..\..\..\Engine\Content\Internationalization\icudt53l\region\nnh.res" 819
"..\..\..\Engine\Content\Internationalization\icudt53l\lang\nus.res" 820
"..\..\..\Engine\Content\Internationalization\icudt53l\region\nus.res" 821
"..\..\..\Engine\Content\Internationalization\icudt53l\lang\nyn.res" 822
"..\..\..\Engine\Content\Internationalization\icudt53l\region\nyn.res" 823
"..\..\..\Engine\Content\Internationalization\icudt53l\lang\om.res" 824
"..\..\..\Engine\Content\Internationalization\icudt53l\region\om.res" 825
"..\..\..\Engine\Content\Internationalization\icudt53l\lang\or.res" 826
"..\..\..\Engine\Content\Internationalization\icudt53l\region\or.res" 827
"..\..\..\Engine\Content\Internationalization\icudt53l\lang\pa.res" 828
"..\..\..\Engine\Content\Internationalization\icudt53l\lang\pa_Arab.res" 829
"..\..\..\Engine\Content\Internationalization\icudt53l\lang\pa_PK.res" 830
"..\..\..\Engine\Content\Internationalization\icudt53l\lang\pa_Arab_PK.res" 831
"..\..\..\Engine\Content\Internationalization\icudt53l\region\pa_PK.res" 832
"..\..\..\Engine\Content\Internationalization\icudt53l\region\pa_Arab_PK.res" 833
"..\..\..\Engine\Content\Internationalization\icudt53l\region\pa_Arab.res" 834
"..\..\..\Engine\Content\Internationalization\icudt53l\lang\pa_Guru.res" 835
"..\..\..\Engine\Content\Internationalization\icudt53l\lang\pa_IN.res" 836
"..\..\..\Engine\Content\Internationalization\icudt53l\lang\pa_Guru_IN.res" 837
"..\..\..\Engine\Content\Internationalization\icudt53l\region\pa_IN.res" 838
"..\..\..\Engine\Content\Internationalization\icudt53l\region\pa_Guru_IN.res" 839
"..\..\..\Engine\Content\Internationalization\icudt53l\region\pa_Guru.res" 840
"..\..\..\Engine\Content\Internationalization\icudt53l\region\pa.res" 841
"..\..\..\Engine\Content\Internationalization\icudt53l\lang\pl.res" 842
"..\..\..\Engine\Content\Internationalization\icudt53l\region\pl.res" 843
"..\..\..\Engine\Content\Internationalization\icudt53l\lang\ps.res" 844
"..\..\..\Engine\Content\Internationalization\icudt53l\region\ps.res" 845
"..\..\..\Engine\Content\Internationalization\icudt53l\lang\pt_AO.res" 846
"..\..\..\Engine\Content\Internationalization\icudt53l\lang\pt_PT.res" 847
"..\..\..\Engine\Content\Internationalization\icudt53l\region\pt_AO.res" 848
"..\..\..\Engine\Content\Internationalization\icudt53l\region\pt_PT.res" 849
"..\..\..\Engine\Content\Internationalization\icudt53l\lang\pt_CV.res" 850
"..\..\..\Engine\Content\Internationalization\icudt53l\region\pt_CV.res" 851
"..\..\..\Engine\Content\Internationalization\icudt53l\lang\pt_GW.res" 852
"..\..\..\Engine\Content\Internationalization\icudt53l\region\pt_GW.res" 853
"..\..\..\Engine\Content\Internationalization\icudt53l\lang\pt_MO.res" 854
"..\..\..\Engine\Content\Internationalization\icudt53l\region\pt_MO.res" 855
"..\..\..\Engine\Content\Internationalization\icudt53l\lang\pt_MZ.res" 856
"..\..\..\Engine\Content\Internationalization\icudt53l\region\pt_MZ.res" 857
"..\..\..\Engine\Content\Internationalization\icudt53l\lang\pt_ST.res" 858
"..\..\..\Engine\Content\Internationalization\icudt53l\region\pt_ST.res" 859
"..\..\..\Engine\Content\Internationalization\icudt53l\lang\pt_TL.res" 860
"..\..\..\Engine\Content\Internationalization\icudt53l\region\pt_TL.res" 861
"..\..\..\Engine\Content\Internationalization\icudt53l\lang\rm.res" 862
"..\..\..\Engine\Content\Internationalization\icudt53l\region\rm.res" 863
"..\..\..\Engine\Content\Internationalization\icudt53l\lang\rn.res" 864
"..\..\..\Engine\Content\Internationalization\icudt53l\region\rn.res" 865
"..\..\..\Engine\Content\Internationalization\icudt53l\lang\ro.res" 866
"..\..\..\Engine\Content\Internationalization\icudt53l\lang\ro_MD.res" 867
"..\..\..\Engine\Content\Internationalization\icudt53l\region\ro_MD.res" 868
"..\..\..\Engine\Content\Internationalization\icudt53l\region\ro.res" 869
"..\..\..\Engine\Content\Internationalization\icudt53l\lang\rof.res" 870
"..\..\..\Engine\Content\Internationalization\icudt53l\region\rof.res" 871
"..\..\..\Engine\Content\Internationalization\icudt53l\lang\ru.res" 872
"..\..\..\Engine\Content\Internationalization\icudt53l\region\ru.res" 873
"..\..\..\Engine\Content\Internationalization\icudt53l\lang\ru_UA.res" 874
"..\..\..\Engine\Content\Internationalization\icudt53l\lang\rw.res" 875
"..\..\..\Engine\Content\Internationalization\icudt53l\region\rw.res" 876
"..\..\..\Engine\Content\Internationalization\icudt53l\lang\rwk.res" 877
"..\..\..\Engine\Content\Internationalization\icudt53l\region\rwk.res" 878
"..\..\..\Engine\Content\Internationalization\icudt53l\lang\saq.res" 879
"..\..\..\Engine\Content\Internationalization\icudt53l\region\saq.res" 880
"..\..\..\Engine\Content\Internationalization\icudt53l\lang\sbp.res" 881
"..\..\..\Engine\Content\Internationalization\icudt53l\region\sbp.res" 882
"..\..\..\Engine\Content\Internationalization\icudt53l\lang\seh.res" 883
"..\..\..\Engine\Content\Internationalization\icudt53l\region\seh.res" 884
"..\..\..\Engine\Content\Internationalization\icudt53l\lang\ses.res" 885
"..\..\..\Engine\Content\Internationalization\icudt53l\region\ses.res" 886
"..\..\..\Engine\Content\Internationalization\icudt53l\lang\sg.res" 887
"..\..\..\Engine\Content\Internationalization\icudt53l\region\sg.res" 888
"..\..\..\Engine\Content\Internationalization\icudt53l\lang\shi.res" 889
"..\..\..\Engine\Content\Internationalization\icudt53l\lang\shi_Latn.res" 890
"..\..\..\Engine\Content\Internationalization\icudt53l\lang\shi_MA.res" 891
"..\..\..\Engine\Content\Internationalization\icudt53l\lang\shi_Tfng_MA.res" 892
"..\..\..\Engine\Content\Internationalization\icudt53l\lang\shi_Tfng.res" 893
"..\..\..\Engine\Content\Internationalization\icudt53l\region\shi_MA.res" 894
"..\..\..\Engine\Content\Internationalization\icudt53l\region\shi_Tfng_MA.res" 895
"..\..\..\Engine\Content\Internationalization\icudt53l\region\shi_Tfng.res" 896
"..\..\..\Engine\Content\Internationalization\icudt53l\region\shi.res" 897
"..\..\..\Engine\Content\Internationalization\icudt53l\region\shi_Latn.res" 898
"..\..\..\Engine\Content\Internationalization\icudt53l\lang\si.res" 899
"..\..\..\Engine\Content\Internationalization\icudt53l\region\si.res" 900
"..\..\..\Engine\Content\Internationalization\icudt53l\lang\sk.res" 901
"..\..\..\Engine\Content\Internationalization\icudt53l\region\sk.res" 902
"..\..\..\Engine\Content\Internationalization\icudt53l\lang\sl.res" 903
"..\..\..\Engine\Content\Internationalization\icudt53l\region\sl.res" 904
"..\..\..\Engine\Content\Internationalization\icudt53l\lang\sn.res" 905
"..\..\..\Engine\Content\Internationalization\icudt53l\region\sn.res" 906
"..\..\..\Engine\Content\Internationalization\icudt53l\lang\so.res" 907
"..\..\..\Engine\Content\Internationalization\icudt53l\region\so.res" 908
"..\..\..\Engine\Content\Internationalization\icudt53l\lang\sq.res" 909
"..\..\..\Engine\Content\Internationalization\icudt53l\region\sq.res" 910
"..\..\..\Engine\Content\Internationalization\icudt53l\lang\sr.res" 911
"..\..\..\Engine\Content\Internationalization\icudt53l\lang\sr_Cyrl.res" 912
"..\..\..\Engine\Content\Internationalization\icudt53l\lang\sr_BA.res" 913
"..\..\..\Engine\Content\Internationalization\icudt53l\lang\sr_Cyrl_BA.res" 914
"..\..\..\Engine\Content\Internationalization\icudt53l\region\sr_BA.res" 915
"..\..\..\Engine\Content\Internationalization\icudt53l\region\sr_Cyrl_BA.res" 916
"..\..\..\Engine\Content\Internationalization\icudt53l\region\sr_Cyrl.res" 917
"..\..\..\Engine\Content\Internationalization\icudt53l\region\sr.res" 918
"..\..\..\Engine\Content\Internationalization\icudt53l\lang\sr_ME.res" 919
"..\..\..\Engine\Content\Internationalization\icudt53l\lang\sr_Latn_ME.res" 920
"..\..\..\Engine\Content\Internationalization\icudt53l\lang\sr_Latn.res" 921
"..\..\..\Engine\Content\Internationalization\icudt53l\region\sr_ME.res" 922
"..\..\..\Engine\Content\Internationalization\icudt53l\region\sr_Latn_ME.res" 923
"..\..\..\Engine\Content\Internationalization\icudt53l\region\sr_Latn.res" 924
"..\..\..\Engine\Content\Internationalization\icudt53l\lang\sr_RS.res" 925
"..\..\..\Engine\Content\Internationalization\icudt53l\lang\sr_Cyrl_RS.res" 926
"..\..\..\Engine\Content\Internationalization\icudt53l\region\sr_RS.res" 927
"..\..\..\Engine\Content\Internationalization\icudt53l\region\sr_Cyrl_RS.res" 928
"..\..\..\Engine\Content\Internationalization\icudt53l\lang\sr_XK.res" 929
"..\..\..\Engine\Content\Internationalization\icudt53l\lang\sr_Cyrl_XK.res" 930
"..\..\..\Engine\Content\Internationalization\icudt53l\region\sr_XK.res" 931
"..\..\..\Engine\Content\Internationalization\icudt53l\region\sr_Cyrl_XK.res" 932
"..\..\..\Engine\Content\Internationalization\icudt53l\lang\sr_Latn_BA.res" 933
"..\..\..\Engine\Content\Internationalization\icudt53l\region\sr_Latn_BA.res" 934
"..\..\..\Engine\Content\Internationalization\icudt53l\lang\sr_Latn_RS.res" 935
"..\..\..\Engine\Content\Internationalization\icudt53l\region\sr_Latn_RS.res" 936
"..\..\..\Engine\Content\Internationalization\icudt53l\lang\sv.res" 937
"..\..\..\Engine\Content\Internationalization\icudt53l\region\sv.res" 938
"..\..\..\Engine\Content\Internationalization\icudt53l\lang\sv_FI.res" 939
"..\..\..\Engine\Content\Internationalization\icudt53l\region\sv_FI.res" 940
"..\..\..\Engine\Content\Internationalization\icudt53l\lang\sw.res" 941
"..\..\..\Engine\Content\Internationalization\icudt53l\region\sw.res" 942
"..\..\..\Engine\Content\Internationalization\icudt53l\lang\swc.res" 943
"..\..\..\Engine\Content\Internationalization\icudt53l\region\swc.res" 944
"..\..\..\Engine\Content\Internationalization\icudt53l\lang\ta.res" 945
"..\..\..\Engine\Content\Internationalization\icudt53l\region\ta.res" 946
"..\..\..\Engine\Content\Internationalization\icudt53l\lang\te.res" 947
"..\..\..\Engine\Content\Internationalization\icudt53l\region\te.res" 948
"..\..\..\Engine\Content\Internationalization\icudt53l\lang\teo.res" 949
"..\..\..\Engine\Content\Internationalization\icudt53l\region\teo.res" 950
"..\..\..\Engine\Content\Internationalization\icudt53l\lang\th.res" 951
"..\..\..\Engine\Content\Internationalization\icudt53l\lang\th_TH.res" 952
"..\..\..\Engine\Content\Internationalization\icudt53l\region\th_TH.res" 953
"..\..\..\Engine\Content\Internationalization\icudt53l\region\th.res" 954
"..\..\..\Engine\Content\Internationalization\icudt53l\lang\ti.res" 955
"..\..\..\Engine\Content\Internationalization\icudt53l\region\ti.res" 956
"..\..\..\Engine\Content\Internationalization\icudt53l\lang\to.res" 957
"..\..\..\Engine\Content\Internationalization\icudt53l\region\to.res" 958
"..\..\..\Engine\Content\Internationalization\icudt53l\lang\tr.res" 959
"..\..\..\Engine\Content\Internationalization\icudt53l\region\tr.res" 960
"..\..\..\Engine\Content\Internationalization\icudt53l\lang\twq.res" 961
"..\..\..\Engine\Content\Internationalization\icudt53l\region\twq.res" 962
"..\..\..\Engine\Content\Internationalization\icudt53l\lang\tzm.res" 963
"..\..\..\Engine\Content\Internationalization\icudt53l\lang\tzm_Latn.res" 964
"..\..\..\Engine\Content\Internationalization\icudt53l\lang\tzm_MA.res" 965
"..\..\..\Engine\Content\Internationalization\icudt53l\lang\tzm_Latn_MA.res" 966
"..\..\..\Engine\Content\Internationalization\icudt53l\region\tzm_MA.res" 967
"..\..\..\Engine\Content\Internationalization\icudt53l\region\tzm_Latn_MA.res" 968
"..\..\..\Engine\Content\Internationalization\icudt53l\region\tzm_Latn.res" 969
"..\..\..\Engine\Content\Internationalization\icudt53l\region\tzm.res" 970
"..\..\..\Engine\Content\Internationalization\icudt53l\lang\ug.res" 971
"..\..\..\Engine\Content\Internationalization\icudt53l\lang\ug_Arab.res" 972
"..\..\..\Engine\Content\Internationalization\icudt53l\lang\ug_CN.res" 973
"..\..\..\Engine\Content\Internationalization\icudt53l\lang\ug_Arab_CN.res" 974
"..\..\..\Engine\Content\Internationalization\icudt53l\region\ug_CN.res" 975
"..\..\..\Engine\Content\Internationalization\icudt53l\region\ug_Arab_CN.res" 976
"..\..\..\Engine\Content\Internationalization\icudt53l\region\ug_Arab.res" 977
"..\..\..\Engine\Content\Internationalization\icudt53l\region\ug.res" 978
"..\..\..\Engine\Content\Internationalization\icudt53l\lang\uk.res" 979
"..\..\..\Engine\Content\Internationalization\icudt53l\region\uk.res" 980
"..\..\..\Engine\Content\Internationalization\icudt53l\lang\ur.res" 981
"..\..\..\Engine\Content\Internationalization\icudt53l\region\ur.res" 982
"..\..\..\Engine\Content\Internationalization\icudt53l\lang\uz.res" 983
"..\..\..\Engine\Content\Internationalization\icudt53l\lang\uz_Arab.res" 984
"..\..\..\Engine\Content\Internationalization\icudt53l\lang\uz_AF.res" 985
"..\..\..\Engine\Content\Internationalization\icudt53l\lang\uz_Arab_AF.res" 986
"..\..\..\Engine\Content\Internationalization\icudt53l\region\uz_AF.res" 987
"..\..\..\Engine\Content\Internationalization\icudt53l\region\uz_Arab_AF.res" 988
"..\..\..\Engine\Content\Internationalization\icudt53l\region\uz_Arab.res" 989
"..\..\..\Engine\Content\Internationalization\icudt53l\lang\uz_Cyrl.res" 990
"..\..\..\Engine\Content\Internationalization\icudt53l\lang\uz_UZ.res" 991
"..\..\..\Engine\Content\Internationalization\icudt53l\lang\uz_Latn_UZ.res" 992
"..\..\..\Engine\Content\Internationalization\icudt53l\lang\uz_Latn.res" 993
"..\..\..\Engine\Content\Internationalization\icudt53l\region\uz_UZ.res" 994
"..\..\..\Engine\Content\Internationalization\icudt53l\region\uz_Latn_UZ.res" 995
"..\..\..\Engine\Content\Internationalization\icudt53l\region\uz_Latn.res" 996
"..\..\..\Engine\Content\Internationalization\icudt53l\region\uz.res" 997
"..\..\..\Engine\Content\Internationalization\icudt53l\region\uz_Cyrl.res" 998
"..\..\..\Engine\Content\Internationalization\icudt53l\lang\vai.res" 999
"..\..\..\Engine\Content\Internationalization\icudt53l\lang\vai_Latn.res" 1000
"..\..\..\Engine\Content\Internationalization\icudt53l\lang\vai_LR.res" 1001
"..\..\..\Engine\Content\Internationalization\icudt53l\lang\vai_Vaii_LR.res" 1002
"..\..\..\Engine\Content\Internationalization\icudt53l\lang\vai_Vaii.res" 1003
"..\..\..\Engine\Content\Internationalization\icudt53l\region\vai_LR.res" 1004
"..\..\..\Engine\Content\Internationalization\icudt53l\region\vai_Vaii_LR.res" 1005
"..\..\..\Engine\Content\Internationalization\icudt53l\region\vai_Vaii.res" 1006
"..\..\..\Engine\Content\Internationalization\icudt53l\region\vai.res" 1007
"..\..\..\Engine\Content\Internationalization\icudt53l\region\vai_Latn.res" 1008
"..\..\..\Engine\Content\Internationalization\icudt53l\lang\vi.res" 1009
"..\..\..\Engine\Content\Internationalization\icudt53l\region\vi.res" 1010
"..\..\..\Engine\Content\Internationalization\icudt53l\lang\vun.res" 1011
"..\..\..\Engine\Content\Internationalization\icudt53l\region\vun.res" 1012
"..\..\..\Engine\Content\Internationalization\icudt53l\lang\xog.res" 1013
"..\..\..\Engine\Content\Internationalization\icudt53l\region\xog.res" 1014
"..\..\..\Engine\Content\Internationalization\icudt53l\lang\yav.res" 1015
"..\..\..\Engine\Content\Internationalization\icudt53l\region\yav.res" 1016
"..\..\..\Engine\Content\Internationalization\icudt53l\lang\yo.res" 1017
"..\..\..\Engine\Content\Internationalization\icudt53l\lang\yo_BJ.res" 1018
"..\..\..\Engine\Content\Internationalization\icudt53l\region\yo_BJ.res" 1019
"..\..\..\Engine\Content\Internationalization\icudt53l\region\yo.res" 1020
"..\..\..\Engine\Content\Internationalization\icudt53l\lang\zgh.res" 1021
"..\..\..\Engine\Content\Internationalization\icudt53l\region\zgh.res" 1022
"..\..\..\Engine\Content\Internationalization\icudt53l\lang\zh_HK.res" 1023
"..\..\..\Engine\Content\Internationalization\icudt53l\lang\zh_Hant_HK.res" 1024
"..\..\..\Engine\Content\Internationalization\icudt53l\lang\zh_Hant.res" 1025
"..\..\..\Engine\Content\Internationalization\icudt53l\region\zh_HK.res" 1026
"..\..\..\Engine\Content\Internationalization\icudt53l\region\zh_Hant_HK.res" 1027
"..\..\..\Engine\Content\Internationalization\icudt53l\region\zh_Hant.res" 1028
"..\..\..\Engine\Content\Internationalization\icudt53l\lang\zh_Hans_HK.res" 1029
"..\..\..\Engine\Content\Internationalization\icudt53l\region\zh_Hans_HK.res" 1030
"..\..\..\Engine\Content\Internationalization\icudt53l\lang\zh_MO.res" 1031
"..\..\..\Engine\Content\Internationalization\icudt53l\lang\zh_Hant_MO.res" 1032
"..\..\..\Engine\Content\Internationalization\icudt53l\region\zh_MO.res" 1033
"..\..\..\Engine\Content\Internationalization\icudt53l\region\zh_Hant_MO.res" 1034
"..\..\..\Engine\Content\Internationalization\icudt53l\lang\zh_Hans_MO.res" 1035
"..\..\..\Engine\Content\Internationalization\icudt53l\region\zh_Hans_MO.res" 1036
"..\..\..\Engine\Content\Internationalization\icudt53l\lang\zh_SG.res" 1037
"..\..\..\Engine\Content\Internationalization\icudt53l\lang\zh_Hans_SG.res" 1038
"..\..\..\Engine\Content\Internationalization\icudt53l\region\zh_SG.res" 1039
"..\..\..\Engine\Content\Internationalization\icudt53l\region\zh_Hans_SG.res" 1040
"..\..\..\Engine\Content\Internationalization\icudt53l\lang\zh_TW.res" 1041
"..\..\..\Engine\Content\Internationalization\icudt53l\lang\zh_Hant_TW.res" 1042
"..\..\..\Engine\Content\Internationalization\icudt53l\region\zh_TW.res" 1043
"..\..\..\Engine\Content\Internationalization\icudt53l\region\zh_Hant_TW.res" 1044
"..\..\..\Engine\Content\Internationalization\icudt53l\lang\zu.res" 1045
"..\..\..\Engine\Content\Internationalization\icudt53l\region\zu.res" 1046
"../../../Engine/Shaders/Private/VectorFieldVisualizationVertexFactory.ush" 1047
"../../../Engine/Shaders/Private/VertexFactoryCommon.ush" 1048
"../../../Engine/Shaders/Private/Common.ush" 1049
"../../../Engine/Shaders/Public/Platform.ush" 1050
"../../../Engine/Shaders/Public/MetalCommon.ush" 1051
"../../../Engine/Shaders/Public/VulkanCommon.ush" 1052
"../../../Engine/Shaders/Public/ShaderVersion.ush" 1053
"../../../Engine/Shaders/Private/CommonViewUniformBuffer.ush" 1054
"../../../Engine/Shaders/Private/InstancedStereo.ush" 1055
"../../../Engine/Shaders/Private/Definitions.usf" 1056
"../../../Engine/Shaders/Private/FastMath.ush" 1057
"../../../Engine/Shaders/Private/Random.ush" 1058
"../../../Engine/Shaders/Private/ParticleSpriteVertexFactory.ush" 1059
"../../../Engine/Shaders/Private/ParticleVertexFactoryCommon.ush" 1060
"../../../Engine/Shaders/Private/ParticleGPUSpriteVertexFactory.ush" 1061
"../../../Engine/Shaders/Private/ParticleBeamTrailVertexFactory.ush" 1062
"../../../Engine/Shaders/Private/NiagaraSpriteVertexFactory.ush" 1063
"../../../Engine/Shaders/Private/NiagaraMeshVertexFactory.ush" 1064
"../../../Engine/Shaders/Private/MeshParticleVertexFactory.ush" 1065
"../../../Engine/Shaders/Private/LocalVertexFactory.ush" 1066
"../../../Engine/Shaders/Private/LocalVertexFactoryCommon.ush" 1067
"../../../Engine/Shaders/Private/GpuSkinCommon.ush" 1068
"../../../Engine/Shaders/Private/GpuSkinVertexFactory.ush" 1069
"../../../Engine/Shaders/Private/LandscapeVertexFactory.ush" 1070
"../../../Engine/Shaders/Private/OculusStressShaders.usf" 1071
"../../../Engine/Shaders/Private/SlateElementPixelShader.usf" 1072
"../../../Engine/Shaders/Private/GammaCorrectionCommon.ush" 1073
"../../../Engine/Shaders/Private/SlateShaderCommon.ush" 1074
"../../../Engine/Shaders/Private/MaterialTemplate.ush" 1075
"../../../Engine/Shaders/Private/MonteCarlo.ush" 1076
"../../../Engine/Shaders/Private/DepthOfFieldCommon.ush" 1077
"../../../Engine/Shaders/Private/CircleDOFCommon.ush" 1078
"../../../Engine/Shaders/Private/GlobalDistanceFieldShared.ush" 1079
"../../../Engine/Shaders/Private/SpeedTreeCommon.ush" 1080
"../../../Engine/Shaders/Private/MinMaterialTexCoords.ush" 1081
"../../../Engine/Shaders/Private/AtmosphereCommon.ush" 1082
"../../../Engine/Shaders/Private/PaniniProjection.ush" 1083
"../../../Engine/Shaders/Private/EyeAdaptationCommon.ush" 1084
"../../../Engine/Shaders/Private/PostProcessCommon.ush" 1085
"../../../Engine/Shaders/Private/DeferredShadingCommon.ush" 1086
"../../../Engine/Shaders/Private/LightAccumulator.ush" 1087
"../../../Engine/Shaders/Private/SlateMaskingShader.usf" 1088
"../../../Engine/Shaders/Private/SlatePostProcessPixelShader.usf" 1089
"../../../Engine/Shaders/Private/SlateVertexShader.usf" 1090
"../../../Engine/Shaders/Private/CompositeUIPixelShader.usf" 1091
"../../../Engine/Shaders/Private/TonemapCommon.ush" 1092
"../../../Engine/Shaders/Private/ACES.ush" 1093
"../../../Engine/Shaders/Private/TranslucentLightingShaders.usf" 1094
"../../../Engine/Shaders/Private/SHCommon.ush" 1095
"../../../Engine/Shaders/Private/ShadowProjectionCommon.ush" 1096
"../../../Engine/Shaders/Private/CubemapCommon.ush" 1097
"../../../Engine/Shaders/Private/VectorFieldCompositeShaders.usf" 1098
"../../../Engine/Shaders/Private/UpdateTextureShaders.usf" 1099
"../../../Engine/Shaders/Private/StereoLayerShader.usf" 1100
"../../../Engine/Shaders/Private/MorphTargets.usf" 1101
"../../../Engine/Shaders/Private/SimpleElementColorChannelMaskPixelShader.usf" 1102
"../../../Engine/Shaders/Private/SimpleElementPixelShader.usf" 1103
"../../../Engine/Shaders/Private/ColorUtils.ush" 1104
"../../../Engine/Shaders/Private/IESLightProfilesCommon.ush" 1105
"../../../Engine/Shaders/Private/SimpleElementHitProxyPixelShader.usf" 1106
"../../../Engine/Shaders/Private/SimpleElementVertexShader.usf" 1107
"../../../Engine/Shaders/Private/ScreenPixelShaderOES.usf" 1108
"../../../Engine/Shaders/Private/ScreenVertexShader.usf" 1109
"../../../Engine/Shaders/Private/ScreenPixelShader.usf" 1110
"../../../Engine/Shaders/Private/ParticleSortKeyGen.usf" 1111
"../../../Engine/Shaders/Private/ParticleBoundsShader.usf" 1112
"../../../Engine/Shaders/Private/ParticleSimVisualizeShader.usf" 1113
"../../../Engine/Shaders/Private/ParticleInjectionShader.usf" 1114
"../../../Engine/Shaders/Private/ParticleSimulationShader.usf" 1115
"../../../Engine/Shaders/Private/ParticleCurveInjectionShader.usf" 1116
"../../../Engine/Shaders/Private/RadixSortShaders.usf" 1117
"../../../Engine/Shaders/Private/RecomputeTangentsPerVertexPass.usf" 1118
"../../../Engine/Shaders/Private/RecomputeTangentsCommon.ush" 1119
"../../../Engine/Shaders/Private/RecomputeTangentsPerTrianglePass.usf" 1120
"../../../Engine/Shaders/Private/GpuSkinCacheComputeShader.usf" 1121
"../../../Engine/Shaders/Private/LandscapeGrassWeight.usf" 1122
"../../../Engine/Shaders/Private/WideCustomResolveShaders.usf" 1123
"../../../Engine/Shaders/Private/PageTableUpdate.usf" 1124
"../../../Engine/Shaders/Private/VolumetricFogVoxelization.usf" 1125
"../../../Engine/Shaders/Private/VolumetricFogLightFunction.usf" 1126
"../../../Engine/Shaders/Private/LightFunctionCommon.ush" 1127
"../../../Engine/Shaders/Private/VolumetricFog.usf" 1128
"../../../Engine/Shaders/Private/DeferredLightingCommon.ush" 1129
"../../../Engine/Shaders/Private/DynamicLightingCommon.ush" 1130
"../../../Engine/Shaders/Private/BRDF.ush" 1131
"../../../Engine/Shaders/Private/ShadingModels.ush" 1132
"../../../Engine/Shaders/Private/LightGridCommon.ush" 1133
"../../../Engine/Shaders/Private/HeightFogCommon.ush" 1134
"../../../Engine/Shaders/Private/DistanceFieldAOShared.ush" 1135
"../../../Engine/Shaders/Private/VolumeLightingCommon.ush" 1136
"../../../Engine/Shaders/Private/ShadowFilteringCommon.ush" 1137
"../../../Engine/Shaders/Private/PixelQuadMessagePassing.ush" 1138
"../../../Engine/Shaders/Private/VelocityShader.usf" 1139
"../../../Engine/Shaders/Private/VelocityCommon.ush" 1140
"../../../Engine/Shaders/Private/Tessellation.ush" 1141
"../../../Engine/Shaders/Private/FlatTessellation.ush" 1142
"../../../Engine/Shaders/Private/PNTriangles.ush" 1143
"../../../Engine/Shaders/Private/TranslucencyUpsampling.usf" 1144
"../../../Engine/Shaders/Private/SeparateTranslucency.ush" 1145
"../../../Engine/Shaders/Private/TranslucentLightInjectionShaders.usf" 1146
"../../../Engine/Shaders/Private/TranslucentShadowDepthShaders.usf" 1147
"../../../Engine/Shaders/Private/ShadowDepthCommon.ush" 1148
"../../../Engine/Shaders/Private/TiledDeferredLightShaders.usf" 1149
"../../../Engine/Shaders/Private/SurfelTree.usf" 1150
"../../../Engine/Shaders/Private/DistanceFieldLightingShared.ush" 1151
"../../../Engine/Shaders/Private/SurfelMaterialShared.ush" 1152
"../../../Engine/Shaders/Private/ShadowProjectionPixelShader.usf" 1153
"../../../Engine/Shaders/Private/ShadowPercentageCloserFiltering.ush" 1154
"../../../Engine/Shaders/Private/ShadowProjectionVertexShader.usf" 1155
"../../../Engine/Shaders/Private/CopyShadowMaps.usf" 1156
"../../../Engine/Shaders/Private/ShadowDepthPixelShader.usf" 1157
"../../../Engine/Shaders/Private/LPVWriteVplCommon.ush" 1158
"../../../Engine/Shaders/Private/LPVWriteCommon.ush" 1159
"../../../Engine/Shaders/Private/LPVCommon.ush" 1160
"../../../Engine/Shaders/Private/ShadowDepthVertexShader.usf" 1161
"../../../Engine/Shaders/Private/QuadComplexityAccumulatePixelShader.usf" 1162
"../../../Engine/Shaders/Private/QuadOverdraw.ush" 1163
"../../../Engine/Shaders/Private/DebugViewModeCommon.ush" 1164
"../../../Engine/Shaders/Private/ShaderComplexityAccumulatePixelShader.usf" 1165
"../../../Engine/Shaders/Private/HZBOcclusion.usf" 1166
"../../../Engine/Shaders/Private/OcclusionQueryVertexShader.usf" 1167
"../../../Engine/Shaders/Private/HitProxyPixelShader.usf" 1168
"../../../Engine/Shaders/Private/HitProxyVertexShader.usf" 1169
"../../../Engine/Shaders/Private/SceneCapturePixelShader.usf" 1170
"../../../Engine/Shaders/Private/RequiredTextureResolutionPixelShader.usf" 1171
"../../../Engine/Shaders/Private/ReflectionEnvironmentShaders.usf" 1172
"../../../Engine/Shaders/Private/ReflectionEnvironmentShared.ush" 1173
"../../../Engine/Shaders/Private/SkyLightingShared.ush" 1174
"../../../Engine/Shaders/Private/ReflectionEnvironmentComputeShaders.usf" 1175
"../../../Engine/Shaders/Private/ReflectionEnvironmentComposite.ush" 1176
"../../../Engine/Shaders/Private/PrimitiveDistanceAccuracyPixelShader.usf" 1177
"../../../Engine/Shaders/Private/VisualizeTexture.usf" 1178
"../../../Engine/Shaders/Private/VisualizeShadingModels.usf" 1179
"../../../Engine/Shaders/Private/PostProcessHistogramCommon.ush" 1180
"../../../Engine/Shaders/Private/ScreenSpaceReflections.usf" 1181
"../../../Engine/Shaders/Private/ScreenSpaceRayCast.ush" 1182
"../../../Engine/Shaders/Private/FilterPixelShader.usf" 1183
"../../../Engine/Shaders/Private/FilterVertexShader.usf" 1184
"../../../Engine/Shaders/Private/PostProcessVisualizeHDR.usf" 1185
"../../../Engine/Shaders/Private/MiniFontCommon.ush" 1186
"../../../Engine/Shaders/Private/ShaderComplexityApplyPixelShader.usf" 1187
"../../../Engine/Shaders/Private/PostProcessVisualizeBuffer.usf" 1188
"../../../Engine/Shaders/Private/PostProcessUpscale.usf" 1189
"../../../Engine/Shaders/Private/PostProcessTonemap.usf" 1190
"../../../Engine/Shaders/Private/PostProcessTestImage.usf" 1191
"../../../Engine/Shaders/Private/PostProcessTemporalAA.usf" 1192
"../../../Engine/Shaders/Private/PostProcessTemporalCommon.ush" 1193
"../../../Engine/Shaders/Private/PostProcessSubsurface.usf" 1194
"../../../Engine/Shaders/Private/SeparableSSS.ush" 1195
"../../../Engine/Shaders/Private/PostProcessSelectionOutline.usf" 1196
"../../../Engine/Shaders/Private/PostProcessNoiseBlur.usf" 1197
"../../../Engine/Shaders/Private/PostProcessMotionBlur.usf" 1198
"../../../Engine/Shaders/Private/PostProcessVelocityFlatten.usf" 1199
"../../../Engine/Shaders/Private/PostProcessHMDMorpheus.usf" 1200
"../../../Engine/Shaders/Private/PostProcessMobile.usf" 1201
"../../../Engine/Shaders/Private/PostProcessMaterialShaders.usf" 1202
"../../../Engine/Shaders/Private/PostProcessLensFlares.usf" 1203
"../../../Engine/Shaders/Private/PostProcessLensBlur.usf" 1204
"../../../Engine/Shaders/Private/PostProcessBloom.usf" 1205
"../../../Engine/Shaders/Private/PostProcessHMD.usf" 1206
"../../../Engine/Shaders/Private/PostProcessHistogramReduce.usf" 1207
"../../../Engine/Shaders/Private/PostProcessHistogram.usf" 1208
"../../../Engine/Shaders/Private/PostProcessHierarchical.usf" 1209
"../../../Engine/Shaders/Private/PostProcessGBufferHints.usf" 1210
"../../../Engine/Shaders/Private/PostProcessFFTBloom.usf" 1211
"../../../Engine/Shaders/Private/PostProcessEyeAdaptation.usf" 1212
"../../../Engine/Shaders/Private/PostProcessDownsample.usf" 1213
"../../../Engine/Shaders/Private/PostProcessDOF.usf" 1214
"../../../Engine/Shaders/Private/PostProcessCompositeEditorPrimitives.usf" 1215
"../../../Engine/Shaders/Private/PostProcessCombineLUTs.usf" 1216
"../../../Engine/Shaders/Private/PostProcessCircleDOF.usf" 1217
"../../../Engine/Shaders/Private/PostProcessBusyWait.usf" 1218
"../../../Engine/Shaders/Private/PostProcessBokehDOF.usf" 1219
"../../../Engine/Shaders/Private/PostProcessVisualizeDOF.usf" 1220
"../../../Engine/Shaders/Private/FXAAShader.usf" 1221
"../../../Engine/Shaders/Private/Fxaa3_11.ush" 1222
"../../../Engine/Shaders/Private/PlanarReflectionShaders.usf" 1223
"../../../Engine/Shaders/Private/PlanarReflectionShared.ush" 1224
"../../../Engine/Shaders/Private/MonoscopicFarFieldRenderingPixelShader.usf" 1225
"../../../Engine/Shaders/Private/MonoscopicFarFieldRenderingVertexShader.usf" 1226
"../../../Engine/Shaders/Private/MobileOpacityShaders.usf" 1227
"../../../Engine/Shaders/Private/MobileMultiView.usf" 1228
"../../../Engine/Shaders/Private/MobileSceneCapture.usf" 1229
"../../../Engine/Shaders/Private/MobileBasePassPixelShader.usf" 1230
"../../../Engine/Shaders/Private/MobileBasePassCommon.ush" 1231
"../../../Engine/Shaders/Private/LightmapCommon.ush" 1232
"../../../Engine/Shaders/Private/MobileBasePassVertexShader.usf" 1233
"../../../Engine/Shaders/Private/MeshTexCoordSizeAccuracyPixelShader.usf" 1234
"../../../Engine/Shaders/Private/MaterialTexCoordScalesPixelShader.usf" 1235
"../../../Engine/Shaders/Private/LightShaftShader.usf" 1236
"../../../Engine/Shaders/Private/StationaryLightOverlapShaders.usf" 1237
"../../../Engine/Shaders/Private/DeferredLightPixelShaders.usf" 1238
"../../../Engine/Shaders/Private/DeferredLightVertexShaders.usf" 1239
"../../../Engine/Shaders/Private/LPVVisualise.usf" 1240
"../../../Engine/Shaders/Private/LPVGeometryVolumeCommon.ush" 1241
"../../../Engine/Shaders/Private/LPVDirectLightInject.usf" 1242
"../../../Engine/Shaders/Private/LPVPropagate.usf" 1243
"../../../Engine/Shaders/Private/LPVPacking.ush" 1244
"../../../Engine/Shaders/Private/LPVBuildGeometryVolume.usf" 1245
"../../../Engine/Shaders/Private/LPVDirectionalOcclusion.usf" 1246
"../../../Engine/Shaders/Private/LPVInject_AccumulateVplLists.usf" 1247
"../../../Engine/Shaders/Private/LPVInject_GenerateVplLists.usf" 1248
"../../../Engine/Shaders/Private/LPVClearLists.usf" 1249
"../../../Engine/Shaders/Private/LPVClear.usf" 1250
"../../../Engine/Shaders/Private/LightMapDensityShader.usf" 1251
"../../../Engine/Shaders/Private/LightGridInjection.usf" 1252
"../../../Engine/Shaders/Private/LightFunctionPixelShader.usf" 1253
"../../../Engine/Shaders/Private/LightFunctionVertexShader.usf" 1254
"../../../Engine/Shaders/Private/HeightfieldLighting.usf" 1255
"../../../Engine/Shaders/Private/DistanceFieldShadowingShared.ush" 1256
"../../../Engine/Shaders/Private/HeightfieldLightingShared.ush" 1257
"../../../Engine/Shaders/Private/HdrCustomResolveShaders.usf" 1258
"../../../Engine/Shaders/Private/GPUFastFourierTransform.usf" 1259
"../../../Engine/Shaders/Private/GPUFastFourierTransform2DCore.ush" 1260
"../../../Engine/Shaders/Private/GPUFastFourierTransformCore.ush" 1261
"../../../Engine/Shaders/Private/GPUBenchmark.usf" 1262
"../../../Engine/Shaders/Private/GlobalDistanceField.usf" 1263
"../../../Engine/Shaders/Private/GammaCorrection.usf" 1264
"../../../Engine/Shaders/Private/HeightFogPixelShader.usf" 1265
"../../../Engine/Shaders/Private/HeightFogVertexShader.usf" 1266
"../../../Engine/Shaders/Private/DistortAccumulatePS.usf" 1267
"../../../Engine/Shaders/Private/DistortAccumulateVS.usf" 1268
"../../../Engine/Shaders/Private/DistortApplyScreenPS.usf" 1269
"../../../Engine/Shaders/Private/DistanceFieldVisualization.usf" 1270
"../../../Engine/Shaders/Private/DistanceFieldShadowing.usf" 1271
"../../../Engine/Shaders/Private/DistanceFieldScreenGridLighting.usf" 1272
"../../../Engine/Shaders/Private/DistanceFieldObjectCulling.usf" 1273
"../../../Engine/Shaders/Private/DistanceFieldLightingPost.usf" 1274
"../../../Engine/Shaders/Private/DistanceFieldGlobalIllumination.usf" 1275
"../../../Engine/Shaders/Private/SkyLighting.usf" 1276
"../../../Engine/Shaders/Private/DitheredTransitionStencil.usf" 1277
"../../../Engine/Shaders/Private/DepthOnlyPixelShader.usf" 1278
"../../../Engine/Shaders/Private/DepthOnlyVertexShader.usf" 1279
"../../../Engine/Shaders/Private/PositionOnlyDepthVertexShader.usf" 1280
"../../../Engine/Shaders/Private/DownsampleDepthPixelShader.usf" 1281
"../../../Engine/Shaders/Private/DeferredDecal.usf" 1282
"../../../Engine/Shaders/Private/DecalCommon.ush" 1283
"../../../Engine/Shaders/Private/PixelShaderOutputCommon.ush" 1284
"../../../Engine/Shaders/Private/MissingShaderPixelShader.usf" 1285
"../../../Engine/Shaders/Private/DebugViewModeVertexShader.usf" 1286
"../../../Engine/Shaders/Private/EvaluateSurfelMaterial.usf" 1287
"../../../Engine/Shaders/Private/ConvertToUniformMesh.usf" 1288
"../../../Engine/Shaders/Private/PostProcessPassThrough.usf" 1289
"../../../Engine/Shaders/Private/MeshDecals.usf" 1290
"../../../Engine/Shaders/Private/PostProcessLpvIndirect.usf" 1291
"../../../Engine/Shaders/Private/LPVFinalPass.ush" 1292
"../../../Engine/Shaders/Private/RTWriteMaskDecode.usf" 1293
"../../../Engine/Shaders/Private/PostProcessAmbientOcclusion.usf" 1294
"../../../Engine/Shaders/Private/PostProcessAmbient.usf" 1295
"../../../Engine/Shaders/Private/CapsuleShadowShaders.usf" 1296
"../../../Engine/Shaders/Private/BasePassPixelShader.usf" 1297
"../../../Engine/Shaders/Private/BasePassCommon.ush" 1298
"../../../Engine/Shaders/Private/SphericalGaussian.ush" 1299
"../../../Engine/Shaders/Private/ShadingModelsMaterial.ush" 1300
"../../../Engine/Shaders/Private/ForwardLightingCommon.ush" 1301
"../../../Engine/Shaders/Private/BasePassTessellationShaders.usf" 1302
"../../../Engine/Shaders/Private/BasePassVertexCommon.ush" 1303
"../../../Engine/Shaders/Private/BasePassVertexShader.usf" 1304
"../../../Engine/Shaders/Private/AtmospherePrecomputeInscatter.usf" 1305
"../../../Engine/Shaders/Private/AtmospherePrecomputeCommon.ush" 1306
"../../../Engine/Shaders/Private/AtmospherePrecompute.usf" 1307
"../../../Engine/Shaders/Private/AtmosphericFogShader.usf" 1308
"../../../Engine/Shaders/Private/SimpleElementTexture2DPreviewPixelShader.usf" 1309
"../../../Engine/Shaders/Private/SimpleElementNormalMapPixelShader.usf" 1310
"../../../Engine/Shaders/Private/meshpaintdilatepixelshader.usf" 1311
"../../../Engine/Shaders/Private/meshpaintdilatevertexshader.usf" 1312
"../../../Engine/Shaders/Private/MeshPaintPixelShader.usf" 1313
"../../../Engine/Shaders/Private/MeshPaintVertexShader.usf" 1314
"../../../Engine/Shaders/Private/RGBAToYUV420.usf" 1315
"../../../Engine/Shaders/Private/ResolveVertexShader.usf" 1316
"../../../Engine/Shaders/Private/ResolvePixelShader.usf" 1317
"../../../Engine/Shaders/Private/OneColorShader.usf" 1318
"../../../Engine/Shaders/Private/OculusShaders.usf" 1319
"../../../Engine/Shaders/Private/MediaShaders.usf" 1320
"../../../Engine/Shaders/Private/ClearReplacementShaders.usf" 1321
"../../../Engine/Shaders/Private/NullPixelShader.usf" 1322
"C:/Users/fusio/AppData/Local/UnrealEngine/4.17/DerivedDataCache/Boot.ddc" 1323
"../../../Engine/DerivedDataCache/Compressed.ddp" 1324
"../../../Engine/Content/EditorMaterials/AssetViewer/EpicQuadPanorama_CC+EV1.uasset" 1325
"../../../Engine/Config/Mac/MacEngine.ini" 1326
"../../../Engine/Config/Android/AndroidEngine.ini" 1327
"../../../Engine/Config/IOS/IOSEngine.ini" 1328
"../../../Engine/Config/Linux/LinuxEngine.ini" 1329
